1 7936
2 3968
3 1984
4 992
5 496
6 248
7 124
8 62
9 31
10 4111
323 7808
324 7744
325 7712
326 7696
327 7688
328 7684
329 7682
330 7432
331 7681
332 7552
333 7488
334 7456
335 7440
336 7428
337 7426
338 7425
339 7360
340 7328
341 7312
342 7304
343 7300
344 7298
345 7297
346 7264
347 7248
348 7240
349 7236
350 7234
351 7233
352 7216
353 7208
354 7204
355 7202
356 7201
357 7192
358 7188
359 7171
360 7186
361 7185
362 7180
363 7178
364 7177
365 7174
366 7173
367 7040
368 6976
369 6944
370 6928
371 6920
372 6916
373 6914
374 6913
375 6848
376 6816
377 6800
378 6792
379 6788
380 6786
381 6785
382 6752
383 6736
384 6692
385 6728
386 6724
387 6722
388 6721
389 6704
390 6696
391 6690
392 6673
393 6689
394 6680
395 6676
396 6674
397 6668
398 6666
399 6665
400 6662
401 6661
402 6659
403 6592
404 6560
405 6544
406 6536
407 6532
408 6530
409 6529
410 6496
411 6480
412 6472
413 6468
414 6466
415 6465
416 6420
417 6448
418 6440
419 6436
420 6434
421 6433
422 6424
423 6418
424 6417
425 6412
426 6410
427 6409
428 6406
429 6405
430 6403
431 6368
432 6352
433 6344
434 6340
435 6305
436 6338
437 6337
438 6320
439 6312
440 6308
441 6306
442 6296
443 6284
444 6292
445 6290
446 6289
447 6282
448 6281
449 6256
450 6278
451 6277
452 6275
453 6248
454 6244
455 6242
456 6241
457 6232
458 6228
459 6226
460 6225
461 6220
462 6218
463 6217
464 6214
465 6213
466 6211
467 6200
468 6196
469 6194
470 6193
471 6188
472 6186
473 6185
474 6169
475 6182
476 6181
477 6179
478 6172
479 6170
480 6166
481 6165
482 6163
483 6158
484 6157
485 6155
486 6151
487 6016
488 5952
489 5920
490 5904
491 5896
492 5892
493 5890
494 5889
495 5824
496 5761
497 5792
498 5776
499 5768
500 5764
501 5762
502 5728
503 5698
504 5712
505 5704
506 5700
507 5697
508 5680
509 5672
510 5668
511 5666
512 5665
513 5656
514 5652
515 5650
516 5649
517 5644
518 5642
519 5641
520 5638
521 5637
522 5635
523 5568
524 5536
525 5520
526 5512
527 5448
528 5508
529 5506
530 5505
531 5472
532 5456
533 5444
534 5442
535 5441
536 5424
537 5416
538 5412
539 5410
540 5409
541 5400
542 5396
543 5394
544 5393
545 5388
546 5386
547 5328
548 5385
549 5382
550 5381
551 5379
552 5344
553 5320
554 5313
555 5316
556 5314
557 5296
558 5288
559 5284
560 5282
561 5281
562 5272
563 5268
564 5266
565 5265
566 5260
567 5258
568 5257
569 5254
570 5253
571 5251
572 5232
573 5224
574 5220
575 5218
576 5217
577 5196
578 5208
579 5204
580 5202
581 5201
582 5194
583 5193
584 5190
585 5189
586 5187
587 5176
588 5172
589 5170
590 5169
591 5164
592 5162
593 5148
594 5161
595 5158
596 5157
597 5155
598 5146
599 5141
600 5145
601 5142
602 5139
603 5134
604 5133
605 5131
606 5127
607 5056
608 5024
609 5008
610 5000
611 4996
612 4994
613 4993
614 4960
615 4944
616 4912
617 4936
618 4932
619 4930
620 4929
621 4904
622 4900
623 4898
624 4897
625 4888
626 4884
627 4882
628 4881
629 4876
630 4874
631 4832
632 4873
633 4870
634 4869
635 4867
636 4816
637 4808
638 4804
639 4802
640 4801
641 4784
642 4776
643 3904
644 1952
645 1585
646 1392
647 1384
648 1356
649 1354
650 1353
651 1350
652 1349
653 1347
654 1336
655 1332
656 1330
657 1324
658 1322
659 1321
660 1317
661 1318
662 1380
663 1378
664 1377
665 1368
666 1364
667 1362
668 1329
669 1315
670 1580
671 1578
672 1577
673 1574
674 1573
675 1571
676 1564
677 1562
678 1561
679 1558
680 1557
681 1555
682 1550
683 1549
684 1547
685 1543
686 1504
687 1488
688 1305
689 1476
690 1480
691 1474
692 1473
693 1456
694 1448
695 1444
696 1442
697 1441
698 1432
699 1428
700 1426
701 1425
702 1420
703 1418
704 1417
705 1414
706 1413
707 1411
708 1308
709 1936
710 1928
711 1924
712 1922
713 1921
714 1888
715 1872
716 1864
717 1860
718 1858
719 1857
720 1840
721 1832
722 1828
723 1826
724 1825
725 1812
726 1816
727 1810
728 1809
729 1804
730 1802
731 1801
732 1798
733 1797
734 1795
735 1760
736 1744
737 1736
738 1732
739 1730
740 1729
741 1704
742 1712
743 1700
744 1698
745 1697
746 1688
747 1684
748 1682
749 1681
750 1676
751 1674
752 1673
753 1670
754 1669
755 1667
756 1648
757 1640
758 1636
759 1634
760 1633
761 1624
762 1620
763 1618
764 1617
765 1612
766 1610
767 1609
768 1606
769 1605
770 1603
771 1592
772 1361
773 1588
774 1306
775 3872
776 3856
777 3848
778 3844
779 3842
780 3841
781 3776
782 3744
783 3728
784 3720
785 3716
786 3714
787 3713
788 3680
789 3664
790 3656
791 3652
792 3650
793 3649
794 3632
795 3624
796 3620
797 3618
798 3617
799 3602
800 3608
801 3604
802 3601
803 3596
804 3594
805 3593
806 3590
807 3589
808 3587
809 3520
810 3488
811 3472
812 3464
813 3460
814 3458
815 3457
816 3424
817 3408
818 3394
819 3400
820 3396
821 3393
822 3376
823 3368
824 3364
825 3362
826 3361
827 3352
828 3348
829 3346
830 3345
831 3340
832 3338
833 3337
834 3334
835 3333
836 3331
837 3296
838 3280
839 3272
840 3268
841 3248
842 3266
843 3265
844 3240
845 3236
846 3234
847 3233
848 3224
849 3220
850 3218
851 3217
852 3212
853 3210
854 3209
855 3206
856 3205
857 3203
858 3172
859 3184
860 3176
861 3170
862 3169
863 3160
864 3156
865 3154
866 3153
867 3148
868 3146
869 3145
870 3142
871 3141
872 3139
873 3128
874 3124
875 3122
876 3121
877 3116
878 3114
879 3113
880 3110
881 3109
882 3098
883 3107
884 3100
885 3097
886 3094
887 3093
888 3091
889 3086
890 3085
891 3083
892 3079
893 3008
894 2976
895 2960
896 2952
897 2948
898 2946
899 2945
900 2888
901 2912
902 2896
903 2884
904 2882
905 2881
906 2864
907 2856
908 2852
909 2850
910 2849
911 2840
912 2836
913 2834
914 2833
915 2828
916 2826
917 2825
918 2822
919 2821
920 2768
921 2784
922 2760
923 2756
924 2754
925 2753
926 2736
927 2728
928 2724
929 2722
930 2721
931 2712
932 2708
933 2706
934 2705
935 2700
936 2698
937 2697
938 1301
939 2693
940 2694
941 2691
942 2672
943 2664
944 2660
945 2658
946 2657
947 2648
948 2644
949 2642
950 2641
951 2636
952 2634
953 2633
954 2630
955 2629
956 2627
957 2616
958 2612
959 2610
960 2609
961 2604
962 2602
963 2601
964 2598
965 2588
966 2597
967 2595
968 2586
969 2585
970 2582
971 2581
972 2579
973 2574
974 2573
975 2571
976 2567
977 2528
978 2512
979 2504
980 2500
981 2498
982 2497
983 2480
984 2466
985 2472
986 2468
987 2465
988 2456
989 2452
990 2450
991 2449
992 2444
993 2442
994 2441
995 2438
996 2437
997 2435
998 2416
999 2408
1000 2404
1001 2402
1002 2401
1003 2392
1004 2388
1005 2380
1006 2386
1007 2385
1008 2378
1009 2377
1010 2374
1011 2373
1012 2371
1013 2360
1014 2356
1015 2354
1016 2353
1017 2348
1018 2346
1019 2345
1020 2342
1021 2341
1022 2330
1023 2339
1024 2332
1025 2329
1026 2326
1027 2325
1028 2323
1029 2318
1030 2317
1031 2315
1032 2311
1033 2288
1034 2280
1035 2276
1036 2274
1037 2273
1038 2264
1039 2260
1040 2258
1041 2257
1042 2252
1043 2250
1044 2249
1045 2246
1046 2245
1047 2228
1048 2243
1049 2232
1050 2226
1051 2225
1052 2220
1053 2218
1054 2217
1055 2214
1056 2213
1057 2211
1058 2204
1059 2202
1060 2201
1061 2198
1062 2197
1063 2195
1064 2187
1065 2190
1066 2189
1067 2183
1068 2168
1069 2164
1070 2162
1071 2161
1072 2156
1073 2154
1074 2153
1075 2150
1076 2149
1077 2147
1078 2140
1079 2138
1080 2137
1081 2134
1082 2133
1083 2131
1084 2126
1085 2119
1086 2125
1087 2123
1088 2108
1089 2106
1090 2105
1091 2102
1092 2101
1093 2099
1094 2094
1095 2093
1096 2091
1097 2087
1098 2078
1099 2077
1100 2075
1101 2071
1102 2063
1103 1586
1104 1302
1105 4772
1106 4770
1107 4769
1108 4760
1109 4756
1110 4754
1111 4753
1112 4748
1113 4746
1114 4745
1115 4742
1116 4741
1117 4739
1118 4720
1119 4712
1120 4708
1121 4706
1122 4705
1123 4696
1124 4692
1125 4690
1126 4689
1127 4684
1128 4681
1129 4682
1130 4678
1131 4677
1132 4675
1133 4664
1134 4660
1135 4658
1136 4657
1137 4652
1138 4650
1139 4649
1140 4646
1141 4645
1142 4643
1143 4636
1144 4634
1145 4633
1146 4630
1147 4629
1148 4627
1149 4622
1150 4619
1151 4621
1152 4615
1153 4576
1154 4560
1155 4552
1156 4548
1157 4546
1158 4545
1159 4528
1160 4520
1161 4516
1162 4514
1163 4513
1164 4504
1165 4500
1166 4498
1167 4497
1168 4492
1169 4490
1170 4489
1171 4486
1172 4485
1173 4464
1174 4483
1175 4456
1176 4452
1177 4450
1178 4449
1179 4440
1180 4436
1181 4434
1182 4433
1183 4428
1184 4426
1185 4425
1186 4422
1187 4421
1188 4419
1189 4408
1190 4404
1191 4401
1192 4396
1193 4394
1194 2819
1195 4393
1196 4402
1197 4390
1198 4389
1199 4387
1200 4380
1201 4378
1202 4377
1203 4374
1204 4373
1205 4371
1206 4366
1207 4365
1208 4363
1209 4359
1210 4336
1211 4328
1212 4324
1213 4322
1214 4321
1215 4312
1216 4308
1217 4306
1218 4305
1219 4300
1220 4294
1221 4298
1222 4297
1223 4293
1224 4291
1225 4280
1226 4276
1227 4274
1228 4273
1229 4268
1230 4266
1231 4265
1232 4262
1233 4261
1234 4259
1235 4252
1236 4250
1237 4249
1238 4246
1239 4238
1240 4245
1241 4243
1242 4237
1243 4235
1244 4231
1245 4216
1246 4212
1247 4210
1248 4209
1249 4204
1250 4202
1251 4201
1252 4198
1253 4197
1254 4195
1255 4188
1256 4186
1257 4185
1258 4182
1259 4181
1260 4179
1261 4171
1262 4174
1263 4173
1264 4167
1265 4156
1266 4154
1267 4153
1268 4150
1269 4149
1270 4147
1271 4142
1272 4141
1273 4139
1274 4135
1275 4126
1276 4125
1277 4123
1278 4119
1279 1299
1280 1294
1281 1293
1282 1291
1283 1287
1284 1264
1285 1256
1286 1252
1287 1250
1288 1249
1289 1240
1290 1236
1291 1234
1292 1233
1293 1228
1294 1226
1295 1225
1296 1222
1297 1221
1298 1219
1299 1208
1300 1204
1301 1202
1302 1201
1303 1196
1304 1190
1305 1194
1306 1193
1307 1189
1308 1187
1309 1180
1310 1178
1311 1177
1312 1174
1313 1173
1314 1171
1315 1166
1316 1165
1317 1163
1318 1159
1319 1144
1320 1137
1321 1140
1322 1138
1323 1132
1324 1130
1325 1129
1326 1126
1327 1125
1328 1123
1329 1116
1330 1114
1331 1113
1332 1110
1333 1109
1334 1107
1335 1102
1336 1101
1337 1099
1338 1095
1339 1081
1340 1084
1341 1082
1342 1078
1343 1077
1344 1075
1345 1070
1346 1069
1347 1067
1348 1063
1349 1054
1350 1053
1351 1051
1352 1047
1353 1039
1354 976
1355 968
1356 964
1357 962
1358 961
1359 944
1360 936
1361 932
1362 930
1363 929
1364 920
1365 916
1366 914
1367 913
1368 908
1369 906
1370 905
1371 902
1372 901
1373 899
1374 880
1375 872
1376 868
1377 866
1378 865
1379 850
1380 856
1381 852
1382 849
1383 844
1384 842
1385 841
1386 838
1387 837
1388 835
1389 824
1390 820
1391 818
1392 817
1393 812
1394 810
1395 809
1396 806
1397 805
1398 803
1399 796
1400 790
1401 794
1402 793
1403 789
1404 787
1405 782
1406 781
1407 779
1408 775
1409 752
1410 744
1411 740
1412 738
1413 737
1414 728
1415 724
1416 722
1417 721
1418 716
1419 714
1420 713
1421 710
1422 709
1423 707
1424 690
1425 696
1426 692
1427 689
1428 684
1429 682
1430 681
1431 678
1432 677
1433 675
1434 668
1435 666
1436 665
1437 662
1438 661
1439 659
1440 654
1441 653
1442 651
1443 647
1444 632
1445 628
1446 626
1447 625
1448 620
1449 618
1450 617
1451 614
1452 613
1453 611
1454 604
1455 602
1456 601
1457 598
1458 597
1459 595
1460 590
1461 589
1462 587
1463 570
1464 583
1465 572
1466 569
1467 566
1468 565
1469 563
1470 558
1471 557
1472 555
1473 551
1474 542
1475 541
1476 539
1477 535
1478 527
1479 488
1480 484
1481 482
1482 481
1483 472
1484 468
1485 466
1486 465
1487 460
1488 458
1489 457
1490 454
1491 453
1492 451
1493 440
1494 436
1495 434
1496 433
1497 428
1498 426
1499 425
1500 422
1501 421
1502 419
1503 409
1504 412
1505 410
1506 406
1507 405
1508 403
1509 398
1510 397
1511 395
1512 391
1513 376
1514 372
1515 370
1516 369
1517 364
1518 362
1519 361
1520 358
1521 357
1522 355
1523 348
1524 346
1525 345
1526 342
1527 341
1528 339
1529 334
1530 333
1531 331
1532 327
1533 316
1534 314
1535 313
1536 310
1537 309
1538 307
1539 302
1540 301
1541 299
1542 295
1543 286
1544 285
1545 283
1546 279
1547 271
1548 244
1549 242
1550 241
1551 236
1552 234
1553 233
1554 230
1555 229
1556 227
1557 220
1558 218
1559 217
1560 214
1561 213
1562 211
1563 206
1564 205
1565 203
1566 199
1567 188
1568 186
1569 185
1570 182
1571 181
1572 179
1573 174
1574 173
1575 171
1576 167
1577 158
1578 157
1579 155
1580 151
1581 143
1582 122
1583 121
1584 118
1585 117
1586 115
1587 110
1588 109
1589 107
1590 103
1591 94
1592 93
1593 91
1594 87
1595 79
1596 61
1597 59
1598 55
1599 47
