0.000000286652
0.000000371067
0.000000479183
0.000000617307
0.000000793328
0.000001017083
0.000001300807
0.000001659675
0.000002112455
0.000002682296
0.000003397673
0.000004293514
0.000005412544
0.000006806877
0.000008539905
0.000010688526
0.000013345749
0.000016623764
0.000020657507
0.000025608816
0.000031671242
0.000039075597
0.000048096344
0.000059058912
0.000072348044
0.000088417285
0.000107799733
0.000131120154
0.000159108590
0.000192615576
0.000232629079
0.000280293277
0.000336929266
0.000404057802
0.000483424142
0.000577025042
0.000687137938
0.000816352313
0.000967603213
0.001144206831
0.001349898032
0.001588869647
0.001865813300
0.002185961455
0.002555130330
0.002979763235
0.003466973803
0.004024588543
0.004661188024
0.005386145954
0.006209665326
0.007142810735
0.008197535925
0.009386705535
0.010724110022
0.012224472655
0.013903447513
0.015777607391
0.017864420563
0.020182215406
0.022750131948
0.025588059522
0.028716559816
0.032156774796
0.035930319113
0.040059156864
0.044565462759
0.049471468034
0.054799291700
0.060570758002
0.066807201269
0.073529259610
0.080756659234
0.088507991437
0.096800484586
0.105649773667
0.115069670222
0.125071935637
0.135666060946
0.146859056376
0.158655253931
0.171056126308
0.184060125347
0.197662543123
0.211855398583
0.226627352377
0.241963652223
0.257846110806
0.274253117750
0.291159686788
0.308537538726
0.326355220288
0.344578258390
0.363169348824
0.382088577811
0.401293674317
0.420740290561
0.440382307630
0.460172162723
0.480061194162
0.500000000000
0.519938805838
0.539827837277
0.559617692370
0.579259709439
0.598706325683
0.617911422189
0.636830651176
0.655421741610
0.673644779712
0.691462461274
0.708840313212
0.725746882250
0.742153889194
0.758036347777
0.773372647623
0.788144601417
0.802337456877
0.815939874653
0.828943873692
0.841344746069
0.853140943624
0.864333939054
0.874928064363
0.884930329778
0.894350226333
0.903199515414
0.911492008563
0.919243340766
0.926470740390
0.933192798731
0.939429241998
0.945200708300
0.950528531966
0.955434537241
0.959940843136
0.964069680887
0.967843225204
0.971283440184
0.974411940478
0.977249868052
0.979817784594
0.982135579437
0.984222392609
0.986096552487
0.987775527345
0.989275889978
0.990613294465
0.991802464075
0.992857189265
0.993790334674
0.994613854046
0.995338811976
0.995975411457
0.996533026197
0.997020236765
0.997444869670
0.997814038545
0.998134186700
0.998411130353
0.998650101968
0.998855793169
0.999032396787
0.999183647687
0.999312862062
0.999422974958
0.999516575858
0.999595942198
0.999663070734
0.999719706723
0.999767370921
0.999807384424
0.999840891410
0.999868879846
0.999892200267
0.999911582715
0.999927651956
0.999940941088
0.999951903656
0.999960924403
0.999968328758
0.999974391184
0.999979342493
0.999983376236
0.999986654251
0.999989311474
0.999991460095
0.999993193123
0.999994587456
0.999995706486
0.999996602327
0.999997317704
0.999997887545
0.999998340325
0.999998699193
0.999998982917
0.999999206672
0.999999382693
0.999999520817
0.999999628933
0.999999713348
