11 104553157
12 87598591
13 81947069
14 64992503
15 53689459
16 48037937
17 36734893
18 31083371
19 19780327
20 14128805
21 8477283
22 5651522
23 76840601
24 58098991
25 54350669
26 43105703
27 35609059
28 31860737
29 24364093
30 20615771
31 13119127
32 9370805
33 5622483
34 3748322
35 37864361
36 34170277
37 26782109
38 21240983
39 17546899
40 15699857
41 12005773
42 10158731
43 6464647
44 4617605
45 2770563
46 1847042
47 28998521
48 26169397
49 21925711
50 16267463
51 13438339
52 12023777
53 9194653
54 7780091
55 4950967
56 3536405
57 2121843
58 1414562
59 11473481
60 10354117
61 8675071
62 8115389
63 5316979
64 4757297
65 3637933
66 3078251
67 1958887
68 1399205
69 839523
70 559682
71 5343161
72 4821877
73 4039951
74 3779309
75 2997383
76 2215457
77 1694173
78 1433531
79 912247
80 651605
81 390963
82 260642
83 3424361
84 3090277
85 2589151
86 2422109
87 1920983
88 1586899
89 1085773
90 918731
91 584647
92 417605
93 250563
94 167042
95 1171001
96 1056757
97 885391
98 828269
99 656903
100 542659
101 485537
102 314171
103 199927
104 142805
105 85683
106 57122
107 600281
108 541717
109 453871
110 424589
111 336743
112 278179
113 248897
114 190333
115 102487
116 73205
117 43923
118 29282
119 98441
120 88837
121 74431
122 69629
123 55223
124 45619
125 40817
126 31213
127 26411
128 12005
129 7203
130 4802
131 25625
132 23125
133 19375
134 18125
135 14375
136 11875
137 10625
138 8125
139 6875
140 4375
141 1875
142 1250
143 3321
144 2997
145 2511
146 2349
147 1863
148 1539
149 1377
150 1053
151 891
152 567
153 405
154 162
155 656
156 592
157 496
158 464
159 368
160 304
161 272
162 208
163 176
164 112
165 80
166 48
167 94352849
168 66233081
169 57962561
170 36459209
171 24880481
172 19918169
173 11647649
174 8339441
175 3377129
176 1723025
177 620289
178 275684
179 85147693
180 48677533
181 42599173
182 26795437
183 18285733
184 14638717
185 8560357
186 6129013
187 2481997
188 1266325
189 455877
190 202612
191 50078671
192 40783879
193 25054231
194 15759439
195 10754551
196 8609599
197 5034679
198 3604711
199 1459759
200 744775
201 268119
202 119164
203 40997909
204 33388541
205 23437829
206 12901781
207 8804429
208 7048421
209 4121741
210 2951069
211 1195061
212 609725
213 219501
214 97556
215 20452727
216 16656623
217 11692487
218 10232447
219 4392287
220 3516263
221 2056223
222 1472207
223 596183
224 304175
225 109503
226 48668
227 11529979
228 9389971
229 6591499
230 5768419
231 3628411
232 1982251
233 1159171
234 829939
235 336091
236 171475
237 61731
238 27436
239 8258753
240 6725897
241 4721393
242 4131833
243 2598977
244 1773593
245 830297
246 594473
247 240737
248 122825
249 44217
250 19652
251 3693157
252 3007693
253 2111317
254 1847677
255 1162213
256 793117
257 634933
258 265837
259 107653
260 54925
261 19773
262 8788
263 2237411
264 1822139
265 1279091
266 1119371
267 704099
268 480491
269 384659
270 224939
271 65219
272 33275
273 11979
274 5324
275 576583
276 469567
277 329623
278 288463
279 181447
280 123823
281 99127
282 57967
283 41503
284 8575
285 3087
286 1372
287 210125
288 171125
289 120125
290 105125
291 66125
292 45125
293 36125
294 21125
295 15125
296 6125
297 1125
298 500
299 45387
300 36963
301 25947
302 22707
303 14283
304 9747
305 7803
306 4563
307 3267
308 1323
309 675
310 108
311 13448
312 10952
313 7688
314 6728
315 4232
316 2888
317 2312
318 1352
319 968
320 392
321 200
322 72
1610 79052387
1611 73952233
1612 58651771
1613 48451463
1614 43351309
1615 33151001
1616 28050847
1617 17850539
1618 12750385
1619 7650231
1620 5100154
1621 61959979
1622 49140673
1623 40594469
1624 36321367
1625 27775163
1626 23502061
1627 14955857
1628 10682755
1629 6409653
1630 4273102
1631 45970307
1632 37975471
1633 33978053
1634 25983217
1635 21985799
1636 13990963
1637 9993545
1638 5996127
1639 3997418
1640 30118477
1641 26948111
1642 20607379
1643 17437013
1644 11096281
1645 7925915
1646 4755549
1647 3170366
1648 22261483
1649 17023487
1650 14404489
1651 9166493
1652 6547495
1653 3928497
1654 2618998
1655 15231541
1656 12888227
1657 8201599
1658 5858285
1659 3514971
1660 2343314
1661 9855703
1662 6271811
1663 4479865
1664 2687919
1665 1791946
1666 5306917
1667 3790655
1668 2274393
1669 1516262
1670 2412235
1671 1447341
1672 964894
1673 1033815
1674 689210
1675 413526
1676 64379963
1677 60226417
1678 47765779
1679 39458687
1680 35305141
1681 26998049
1682 22844503
1683 14537411
1684 10383865
1685 6230319
1686 4153546
1687 45537047
1688 36115589
1689 29834617
1690 26694131
1691 20413159
1692 17272673
1693 10991701
1694 7851215
1695 4710729
1696 3140486
1697 33785551
1698 27909803
1699 24971929
1700 19096181
1701 16158307
1702 10282559
1703 7344685
1704 4406811
1705 2937874
1706 22135361
1707 19805323
1708 15145247
1709 12815209
1710 8155133
1711 5825095
1712 3495057
1713 2330038
1714 16360919
1715 12511291
1716 10586477
1717 6736849
1718 4812035
1719 2887221
1720 1924814
1721 11194313
1722 9472111
1723 6027707
1724 4305505
1725 2583303
1726 1722202
1727 7243379
1728 4609423
1729 3292445
1730 1975467
1731 1316978
1732 3900281
1733 2785915
1734 1671549
1735 1114366
1736 1772855
1737 1063713
1738 709142
1739 759795
1740 506530
1741 303918
1742 45192947
1743 35421499
1744 28092913
1745 23207189
1746 20764327
1747 15878603
1748 13435741
1749 8550017
1750 6107155
1751 3664293
1752 2442862
1753 31965743
1754 25352141
1755 20943073
1756 18738539
1757 14329471
1758 12124937
1759 7715869
1760 5511335
1761 3306801
1762 2204534
1763 19870597
1764 16414841
1765 14686963
1766 11231207
1767 9503329
1768 6047573
1769 4319695
1770 2591817
1771 1727878
1772 13018667
1773 11648281
1774 8907509
1775 7537123
1776 4796351
1777 3425965
1778 2055579
1779 1370386
1780 9622493
1781 7358377
1782 6226319
1783 3962203
1784 2830145
1785 1698087
1786 1132058
1787 6583811
1788 5570917
1789 3545129
1790 2532235
1791 1519341
1792 1012894
1793 4260113
1794 2710981
1795 1936415
1796 1161849
1797 774566
1798 2293907
1799 1638505
1800 983103
1801 655402
1802 1042685
1803 625611
1804 417074
1805 446865
1806 297910
1807 178746
1808 36998113
1809 30998419
1810 22998827
1811 18999031
1812 16999133
1813 12999337
1814 10999439
1815 6999643
1816 4999745
1817 2999847
1818 1999898
1819 27974183
1820 20755039
1821 17145467
1822 15340681
1823 11731109
1824 9926323
1825 6316751
1826 4511965
1827 2707179
1828 1804786
1829 17389357
1830 14365121
1831 12853003
1832 9828767
1833 8316649
1834 5292413
1835 3780295
1836 2268177
1837 1512118
1838 10657993
1839 9536099
1840 7292311
1841 6170417
1842 3926629
1843 2804735
1844 1682841
1845 1121894
1846 7877647
1847 6024083
1848 5097301
1849 3243737
1850 2316955
1851 1390173
1852 926782
1853 5389969
1854 4560743
1855 2902291
1856 2073065
1857 1243839
1858 829226
1859 3487627
1860 2219399
1861 1585285
1862 951171
1863 634114
1864 1877953
1865 1341395
1866 804837
1867 536558
1868 853615
1869 512169
1870 341446
1871 365835
1872 243890
1873 146334
1874 18457339
1875 15464257
1876 14466563
1877 9478093
1878 8480399
1879 6485011
1880 5487317
1881 3491929
1882 2494235
1883 1496541
1884 997694
1885 13955549
1886 13055191
1887 8553401
1888 7653043
1889 5852327
1890 4951969
1891 3151253
1892 2250895
1893 1350537
1894 900358
1895 10938133
1896 7166363
1897 6412009
1898 4903301
1899 4148947
1900 2640239
1901 1885885
1902 1131531
1903 754354
1904 6704017
1905 5998331
1906 4586959
1907 3881273
1908 2469901
1909 1764215
1910 1058529
1911 705686
1912 3929941
1913 3005249
1914 2542903
1915 1618211
1916 1155865
1917 693519
1918 462346
1919 2688907
1920 2275229
1921 1447873
1922 1034195
1923 620517
1924 413678
1925 1739881
1926 1107197
1927 790855
1928 474513
1929 316342
1930 936859
1931 669185
1932 401511
1933 267674
1934 425845
1935 255507
1936 170338
1937 182505
1938 121670
1939 73002
1940 10405103
1941 8717789
1942 8155351
1943 6468037
1944 4780723
1945 3655847
1946 3093409
1947 1968533
1948 1406095
1949 843657
1950 562438
1951 7867273
1952 7359707
1953 5837009
1954 4314311
1955 3299179
1956 2791613
1957 1776481
1958 1268915
1959 761349
1960 507566
1961 6166241
1962 4890467
1963 3614693
1964 2764177
1965 2338919
1966 1488403
1967 1063145
1968 637887
1969 425258
1970 4574953
1971 3381487
1972 2585843
1973 2188021
1974 1392377
1975 994555
1976 596733
1977 397822
1978 2681869
1979 2050841
1980 1735327
1981 1104299
1982 788785
1983 473271
1984 315514
1985 1515839
1986 1282633
1987 816221
1988 583015
1989 349809
1990 233206
1991 980837
1992 624169
1993 445835
1994 267501
1995 178334
1996 528143
1997 377245
1998 226347
1999 150898
2000 240065
2001 144039
2002 96026
2003 102885
2004 68590
2005 41154
2006 7453021
2007 6244423
2008 5841557
2009 4632959
2010 3827227
2011 2618629
2012 2215763
2013 1410031
2014 1007165
2015 604299
2016 402866
2017 5635211
2018 5271649
2019 4180963
2020 3453839
2021 2363153
2022 1999591
2023 1272467
2024 908905
2025 545343
2026 363562
2027 4416787
2028 3502969
2029 2893757
2030 1979939
2031 1675333
2032 1066121
2033 761515
2034 456909
2035 304606
2036 3276971
2037 2707063
2038 1852201
2039 1567247
2040 997339
2041 712385
2042 427431
2043 284954
2044 2146981
2045 1468987
2046 1242989
2047 790993
2048 564995
2049 338997
2050 225998
2051 1213511
2052 1026817
2053 653429
2054 466735
2055 280041
2056 186694
2057 702559
2058 447083
2059 319345
2060 191607
2061 127738
2062 378301
2063 270215
2064 162129
2065 108086
2066 171955
2067 103173
2068 68782
2069 73695
2070 49130
2071 29478
2072 3332849
2073 2792387
2074 2612233
2075 2071771
2076 1711463
2077 1531309
2078 990847
2079 630539
2080 450385
2081 270231
2082 180154
2083 2519959
2084 2357381
2085 1869647
2086 1544491
2087 1381913
2088 894179
2089 569023
2090 406445
2091 243867
2092 162578
2093 1975103
2094 1566461
2095 1294033
2096 1157819
2097 749177
2098 476749
2099 340535
2100 204321
2101 136214
2102 1465399
2103 1210547
2104 1083121
2105 700843
2106 445991
2107 318565
2108 191139
2109 127426
2110 960089
2111 859027
2112 555841
2113 353717
2114 252655
2115 151593
2116 101062
2117 709631
2118 459173
2119 292201
2120 208715
2121 125229
2122 83486
2123 410839
2124 261443
2125 186745
2126 112047
2127 74698
2128 169169
2129 120835
2130 72501
2131 48334
2132 76895
2133 46137
2134 30758
2135 32955
2136 21970
2137 13182
2138 2019127
2139 1691701
2140 1582559
2141 1255133
2142 1036849
2143 927707
2144 709423
2145 381997
2146 272855
2147 163713
2148 109142
2149 1526657
2150 1428163
2151 1132681
2152 935693
2153 837199
2154 640211
2155 344729
2156 246235
2157 147741
2158 98494
2159 1196569
2160 949003
2161 783959
2162 701437
2163 536393
2164 288827
2165 206305
2166 123783
2167 82522
2168 887777
2169 733381
2170 656183
2171 501787
2172 270193
2173 192995
2174 115797
2175 77198
2176 581647
2177 520421
2178 397969
2179 214291
2180 153065
2181 91839
2182 61226
2183 429913
2184 328757
2185 177023
2186 126445
2187 75867
2188 50578
2189 294151
2190 158389
2191 113135
2192 67881
2193 45254
2194 121121
2195 86515
2196 51909
2197 34606
2198 46585
2199 27951
2200 18634
2201 19965
2202 13310
2203 7986
2204 520331
2205 435953
2206 407827
2207 323449
2208 267197
2209 239071
2210 182819
2211 154693
2212 70315
2213 42189
2214 28126
2215 393421
2216 368039
2217 291893
2218 241129
2219 215747
2220 164983
2221 139601
2222 63455
2223 38073
2224 25382
2225 308357
2226 244559
2227 202027
2228 180761
2229 138229
2230 116963
2231 53165
2232 31899
2233 21266
2234 228781
2235 188993
2236 169099
2237 129311
2238 109417
2239 49735
2240 29841
2241 19894
2242 149891
2243 134113
2244 102557
2245 86779
2246 39445
2247 23667
2248 15778
2249 110789
2250 84721
2251 71687
2252 32585
2253 19551
2254 13034
2255 75803
2256 64141
2257 29155
2258 17493
2259 11662
2260 49049
2261 22295
2262 13377
2263 8918
2264 18865
2265 11319
2266 7546
2267 5145
2268 3430
2269 2058
2270 189625
2271 158875
2272 148625
2273 117875
2274 97375
2275 87125
2276 66625
2277 56375
2278 35875
2279 15375
2280 10250
2281 143375
2282 134125
2283 106375
2284 87875
2285 78625
2286 60125
2287 50875
2288 32375
2289 13875
2290 9250
2291 112375
2292 89125
2293 73625
2294 65875
2295 50375
2296 42625
2297 27125
2298 11625
2299 7750
2300 83375
2301 68875
2302 61625
2303 47125
2304 39875
2305 25375
2306 10875
2307 7250
2308 54625
2309 48875
2310 37375
2311 31625
2312 20125
2313 8625
2314 5750
2315 40375
2316 30875
2317 26125
2318 16625
2319 7125
2320 4750
2321 27625
2322 23375
2323 14875
2324 6375
2325 4250
2326 17875
2327 11375
2328 4875
2329 3250
2330 9625
2331 4125
2332 2750
2333 2625
2334 1750
2335 750
2336 40959
2337 34317
2338 32103
2339 25461
2340 21033
2341 18819
2342 14391
2343 12177
2344 7749
2345 5535
2346 2214
2347 30969
2348 28971
2349 22977
2350 18981
2351 16983
2352 12987
2353 10989
2354 6993
2355 4995
2356 1998
2357 24273
2358 19251
2359 15903
2360 14229
2361 10881
2362 9207
2363 5859
2364 4185
2365 1674
2366 18009
2367 14877
2368 13311
2369 10179
2370 8613
2371 5481
2372 3915
2373 1566
2374 11799
2375 10557
2376 8073
2377 6831
2378 4347
2379 3105
2380 1242
2381 8721
2382 6669
2383 5643
2384 3591
2385 2565
2386 1026
2387 5967
2388 5049
2389 3213
2390 2295
2391 918
2392 3861
2393 2457
2394 1755
2395 702
2396 2079
2397 1485
2398 594
2399 945
2400 378
2401 270
2402 12136
2403 10168
2404 9512
2405 7544
2406 6232
2407 5576
2408 4264
2409 3608
2410 2296
2411 1640
2412 984
2413 9176
2414 8584
2415 6808
2416 5624
2417 5032
2418 3848
2419 3256
2420 2072
2421 1480
2422 888
2423 7192
2424 5704
2425 4712
2426 4216
2427 3224
2428 2728
2429 1736
2430 1240
2431 744
2432 5336
2433 4408
2434 3944
2435 3016
2436 2552
2437 1624
2438 1160
2439 696
2440 3496
2441 3128
2442 2392
2443 2024
2444 1288
2445 920
2446 552
2447 2584
2448 1976
2449 1672
2450 1064
2451 760
2452 456
2453 1768
2454 1496
2455 952
2456 680
2457 408
2458 1144
2459 728
2460 520
2461 312
2462 616
2463 440
2464 264
2465 280
2466 168
2467 120
2468 71339959
2469 66737381
2470 52929647
2471 43724491
2472 39121913
2473 29916757
2474 25314179
2475 16109023
2476 11506445
2477 6903867
2478 4602578
2479 59771317
2480 46847789
2481 37155143
2482 30693379
2483 27462497
2484 21000733
2485 17769851
2486 11308087
2487 8077205
2488 4846323
2489 3230882
2490 52307677
2491 43825351
2492 32515583
2493 26860699
2494 24033257
2495 18378373
2496 15550931
2497 9896047
2498 7068605
2499 4241163
2500 2827442
2501 32902213
2502 27566719
2503 25788221
2504 16895731
2505 15117233
2506 11560237
2507 9781739
2508 6224743
2509 4446245
2510 2667747
2511 1778498
2512 22453117
2513 18812071
2514 17598389
2515 13957343
2516 10316297
2517 7888933
2518 6675251
2519 4247887
2520 3034205
2521 1820523
2522 1213682
2523 17974933
2524 15060079
2525 14088461
2526 11173607
2527 9230371
2528 6315517
2529 5343899
2530 3400663
2531 2429045
2532 1457427
2533 971618
2534 10511293
2535 8806759
2536 8238581
2537 6534047
2538 5397691
2539 4829513
2540 3124979
2541 1988623
2542 1420445
2543 852267
2544 568178
2545 7525837
2546 6305431
2547 5898629
2548 4678223
2549 3864619
2550 3457817
2551 2644213
2552 1423807
2553 1017005
2554 610203
2555 406802
2556 3047653
2557 2553439
2558 2388701
2559 1894487
2560 1565011
2561 1400273
2562 1070797
2563 906059
2564 411845
2565 247107
2566 164738
2567 1554925
2568 1302775
2569 1218725
2570 966575
2571 798475
2572 714425
2573 546325
2574 462275
2575 294175
2576 126075
2577 84050
2578 559773
2579 468999
2580 438741
2581 347967
2582 287451
2583 257193
2584 196677
2585 166419
2586 105903
2587 75645
2588 30258
2589 248788
2590 208444
2591 194996
2592 154652
2593 127756
2594 114308
2595 87412
2596 73964
2597 47068
2598 33620
2599 20172
2600 53939969
2601 38152661
2602 30259007
2603 24996571
2604 22365353
2605 17102917
2606 14471699
2607 9209263
2608 6578045
2609 3946827
2610 2631218
2611 47204489
2612 35691199
2613 26480567
2614 21875251
2615 19572593
2616 14967277
2617 12664619
2618 8059303
2619 5756645
2620 3453987
2621 2302658
2622 29692241
2623 22450231
2624 21001829
2625 13759819
2626 12311417
2627 9414613
2628 7966211
2629 5069407
2630 3621005
2631 2172603
2632 1448402
2633 20262569
2634 15320479
2635 14332061
2636 11366807
2637 8401553
2638 6424717
2639 5436299
2640 3459463
2641 2471045
2642 1482627
2643 988418
2644 16221281
2645 12264871
2646 11473589
2647 9099743
2648 7517179
2649 5143333
2650 4352051
2651 2769487
2652 1978205
2653 1186923
2654 791282
2655 9485801
2656 7172191
2657 6709469
2658 5321303
2659 4395859
2660 3933137
2661 2544971
2662 1619527
2663 1156805
2664 694083
2665 462722
2666 6791609
2667 5135119
2668 4803821
2669 3809927
2670 3147331
2671 2816033
2672 2153437
2673 1159543
2674 828245
2675 496947
2676 331298
2677 2750321
2678 2079511
2679 1945349
2680 1542863
2681 1274539
2682 1140377
2683 872053
2684 737891
2685 335405
2686 201243
2687 134162
2688 1403225
2689 1060975
2690 992525
2691 787175
2692 650275
2693 581825
2694 444925
2695 376475
2696 239575
2697 102675
2698 68450
2699 505161
2700 381951
2701 357309
2702 283383
2703 234099
2704 209457
2705 160173
2706 135531
2707 86247
2708 61605
2709 24642
2710 224516
2711 169756
2712 158804
2713 125948
2714 104044
2715 93092
2716 71188
2717 60236
2718 38332
2719 27380
2720 16428
2721 33136241
2722 29903437
2723 18588623
2724 15355819
2725 13739417
2726 10506613
2727 8890211
2728 5657407
2729 4041005
2730 2424603
2731 1616402
2732 20843129
2733 18809653
2734 14742701
2735 9659011
2736 8642273
2737 6608797
2738 5592059
2739 3558583
2740 2541845
2741 1525107
2742 1016738
2743 14223761
2744 12836077
2745 10060709
2746 7979183
2747 5897657
2748 4509973
2749 3816131
2750 2428447
2751 1734605
2752 1040763
2753 693842
2754 11386889
2755 10275973
2756 8054141
2757 6387767
2758 5276851
2759 3610477
2760 3055019
2761 1944103
2762 1388645
2763 833187
2764 555458
2765 6658769
2766 6009133
2767 4709861
2768 3735407
2769 3085771
2770 2760953
2771 1786499
2772 1136863
2773 812045
2774 487227
2775 324818
2776 4767521
2777 4302397
2778 3372149
2779 2674463
2780 2209339
2781 1976777
2782 1511653
2783 813967
2784 581405
2785 348843
2786 232562
2787 1930649
2788 1742293
2789 1365581
2790 1083047
2791 894691
2792 800513
2793 612157
2794 517979
2795 235445
2796 141267
2797 94178
2798 985025
2799 888925
2800 696725
2801 552575
2802 456475
2803 408425
2804 312325
2805 264275
2806 168175
2807 72075
2808 48050
2809 354609
2810 320013
2811 250821
2812 198927
2813 164331
2814 147033
2815 112437
2816 95139
2817 60543
2818 43245
2819 17298
2820 157604
2821 142228
2822 111476
2823 88412
2824 73036
2825 65348
2826 49972
2827 42284
2828 26908
2829 19220
2830 11532
2831 18240449
2832 16460893
2833 13791559
2834 8452891
2835 7563113
2836 5783557
2837 4893779
2838 3114223
2839 2224445
2840 1334667
2841 889778
2842 12447641
2843 11233237
2844 9411631
2845 6982823
2846 5161217
2847 3946813
2848 3339611
2849 2125207
2850 1518005
2851 910803
2852 607202
2853 9965009
2854 8992813
2855 7534519
2856 5590127
2857 4617931
2858 3159637
2859 2673539
2860 1701343
2861 1215245
2862 729147
2863 486098
2864 5827289
2865 5258773
2866 4405999
2867 3268967
2868 2700451
2869 2416193
2870 1563419
2871 994903
2872 710645
2873 426387
2874 284258
2875 4172201
2876 3765157
2877 3154591
2878 2340503
2879 1933459
2880 1729937
2881 1322893
2882 712327
2883 508805
2884 305283
2885 203522
2886 1689569
2887 1524733
2888 1277479
2889 947807
2890 782971
2891 700553
2892 535717
2893 453299
2894 206045
2895 123627
2896 82418
2897 862025
2898 777925
2899 651775
2900 483575
2901 399475
2902 357425
2903 273325
2904 231275
2905 147175
2906 63075
2907 42050
2908 310329
2909 280053
2910 234639
2911 174087
2912 143811
2913 128673
2914 98397
2915 83259
2916 52983
2917 37845
2918 15138
2919 137924
2920 124468
2921 104284
2922 77372
2923 63916
2924 57188
2925 43732
2926 37004
2927 23548
2928 16820
2929 10092
2930 7829729
2931 7065853
2932 5920039
2933 5538101
2934 3246473
2935 2482597
2936 2100659
2937 1336783
2938 954845
2939 572907
2940 381938
2941 6268121
2942 5656597
2943 4739311
2944 4433549
2945 2904739
2946 1987453
2947 1681691
2948 1070167
2949 764405
2950 458643
2951 305762
2952 3665441
2953 3307837
2954 2771431
2955 2592629
2956 1698619
2957 1519817
2958 983411
2959 625807
2960 447005
2961 268203
2962 178802
2963 2624369
2964 2368333
2965 1984279
2966 1856261
2967 1216171
2968 1088153
2969 832117
2970 448063
2971 320045
2972 192027
2973 128018
2974 1062761
2975 959077
2976 803551
2977 751709
2978 492499
2979 440657
2980 336973
2981 285131
2982 129605
2983 77763
2984 51842
2985 542225
2986 489325
2987 409975
2988 383525
2989 251275
2990 224825
2991 171925
2992 145475
2993 92575
2994 39675
2995 26450
2996 195201
2997 176157
2998 147591
2999 138069
3000 90459
3001 80937
3002 61893
3003 52371
3004 33327
3005 23805
3006 9522
3007 86756
3008 78292
3009 65596
3010 61364
3011 40204
3012 35972
3013 27508
3014 23276
3015 14812
3016 10580
3017 6348
3018 4277489
3019 3860173
3020 3234199
3021 3025541
3022 2399567
3023 1356277
3024 1147619
3025 730303
3026 521645
3027 312987
3028 208658
3029 2501369
3030 2257333
3031 1891279
3032 1769261
3033 1403207
3034 1037153
3035 671099
3036 427063
3037 305045
3038 183027
3039 122018
3040 1790921
3041 1616197
3042 1354111
3043 1266749
3044 1004663
3045 742577
3046 567853
3047 305767
3048 218405
3049 131043
3050 87362
3051 725249
3052 654493
3053 548359
3054 512981
3055 406847
3056 300713
3057 229957
3058 194579
3059 88445
3060 53067
3061 35378
3062 370025
3063 333925
3064 279775
3065 261725
3066 207575
3067 153425
3068 117325
3069 99275
3070 63175
3071 27075
3072 18050
3073 133209
3074 120213
3075 100719
3076 94221
3077 74727
3078 55233
3079 42237
3080 35739
3081 22743
3082 16245
3083 6498
3084 59204
3085 53428
3086 44764
3087 41876
3088 33212
3089 24548
3090 18772
3091 15884
3092 10108
3093 7220
3094 4332
3095 2002481
3096 1807117
3097 1514071
3098 1416389
3099 1123343
3100 927979
3101 537251
3102 341887
3103 244205
3104 146523
3105 97682
3106 1433729
3107 1293853
3108 1084039
3109 1014101
3110 804287
3111 664411
3112 454597
3113 244783
3114 174845
3115 104907
3116 69938
3117 580601
3118 523957
3119 438991
3120 410669
3121 325703
3122 269059
3123 184093
3124 155771
3125 70805
3126 42483
3127 28322
3128 296225
3129 267325
3130 223975
3131 209525
3132 166175
3133 137275
3134 93925
3135 79475
3136 50575
3137 21675
3138 14450
3139 106641
3140 96237
3141 80631
3142 75429
3143 59823
3144 49419
3145 33813
3146 28611
3147 18207
3148 13005
3149 5202
3150 47396
3151 42772
3152 35836
3153 33524
3154 26588
3155 21964
3156 15028
3157 12716
3158 8092
3159 5780
3160 3468
3161 838409
3162 756613
3163 633919
3164 593021
3165 470327
3166 388531
3167 347633
3168 143143
3169 102245
3170 61347
3171 40898
3172 339521
3173 306397
3174 256711
3175 240149
3176 190463
3177 157339
3178 140777
3179 91091
3180 41405
3181 24843
3182 16562
3183 173225
3184 156325
3185 130975
3186 122525
3187 97175
3188 80275
3189 71825
3190 46475
3191 29575
3192 12675
3193 8450
3194 62361
3195 56277
3196 47151
3197 44109
3198 34983
3199 28899
3200 25857
3201 16731
3202 10647
3203 7605
3204 3042
3205 27716
3206 25012
3207 20956
3208 19604
3209 15548
3210 12844
3211 11492
3212 7436
3213 4732
3214 3380
3215 2028
3216 243089
3217 219373
3218 183799
3219 171941
3220 136367
3221 112651
3222 100793
3223 77077
3224 29645
3225 17787
3226 11858
3227 124025
3228 111925
3229 93775
3230 87725
3231 69575
3232 57475
3233 51425
3234 39325
3235 21175
3236 9075
3237 6050
3238 44649
3239 40293
3240 33759
3241 31581
3242 25047
3243 20691
3244 18513
3245 14157
3246 7623
3247 5445
3248 2178
3249 19844
3250 17908
3251 15004
3252 14036
3253 11132
3254 9196
3255 8228
3256 6292
3257 3388
3258 2420
3259 1452
3260 50225
3261 45325
3262 37975
3263 35525
3264 28175
3265 23275
3266 20825
3267 15925
3268 13475
3269 3675
3270 2450
3271 18081
3272 16317
3273 13671
3274 12789
3275 10143
3276 8379
3277 7497
3278 5733
3279 4851
3280 2205
3281 882
3282 8036
3283 7252
3284 6076
3285 5684
3286 4508
3287 3724
3288 3332
3289 2548
3290 2156
3291 980
3292 588
3293 9225
3294 8325
3295 6975
3296 6525
3297 5175
3298 4275
3299 3825
3300 2925
3301 2475
3302 1575
3303 450
3304 4100
3305 3700
3306 3100
3307 2900
3308 2300
3309 1900
3310 1700
3311 1300
3312 1100
3313 700
3314 300
3315 1476
3316 1332
3317 1116
3318 1044
3319 828
3320 684
3321 612
3322 468
3323 396
3324 252
3325 180
3326 55915103
3327 44346461
3328 36634033
3329 32777819
3330 25065391
3331 21209177
3332 13496749
3333 9640535
3334 5784321
3335 3856214
3336 41485399
3337 34270547
3338 30663121
3339 23448269
3340 19840843
3341 12625991
3342 9018565
3343 5411139
3344 3607426
3345 27180089
3346 24319027
3347 18596903
3348 15735841
3349 10013717
3350 7152655
3351 4291593
3352 2861062
3353 20089631
3354 15362659
3355 12999173
3356 8272201
3357 5908715
3358 3545229
3359 2363486
3360 13745537
3361 11630839
3362 7401443
3363 5286745
3364 3172047
3365 2114698
3366 8894171
3367 5659927
3368 4042805
3369 2425683
3370 1617122
3371 4789169
3372 3420835
3373 2052501
3374 1368334
3375 2176895
3376 1306137
3377 870758
3378 932955
3379 621970
3380 373182
3381 34758037
3382 28713161
3383 25690723
3384 19645847
3385 16623409
3386 10578533
3387 7556095
3388 4533657
3389 3022438
3390 22772507
3391 20375401
3392 15581189
3393 13184083
3394 8389871
3395 5992765
3396 3595659
3397 2397106
3398 16831853
3399 12871417
3400 10891199
3401 6930763
3402 4950545
3403 2970327
3404 1980218
3405 11516531
3406 9744757
3407 6201209
3408 4429435
3409 2657661
3410 1771774
3411 7451873
3412 4742101
3413 3387215
3414 2032329
3415 1354886
3416 4012547
3417 2866105
3418 1719663
3419 1146442
3420 1823885
3421 1094331
3422 729554
3423 781665
3424 521110
3425 312666
3426 21303313
3427 19060859
3428 14575951
3429 12333497
3430 7848589
3431 5606135
3432 3363681
3433 2242454
3434 15745927
3435 12041003
3436 10188541
3437 6483617
3438 4631155
3439 2778693
3440 1852462
3441 10773529
3442 9116063
3443 5801131
3444 4143665
3445 2486199
3446 1657466
3447 6971107
3448 4436159
3449 3168685
3450 1901211
3451 1267474
3452 3753673
3453 2681195
3454 1608717
3455 1072478
3456 1706215
3457 1023729
3458 682486
3459 731235
3460 487490
3461 292494
3462 12488149
3463 9549761
3464 8080567
3465 5142179
3466 3672985
3467 2203791
3468 1469194
3469 8544523
3470 7229981
3471 4600897
3472 3286355
3473 1971813
3474 1314542
3475 5528809
3476 3518333
3477 2513095
3478 1507857
3479 1005238
3480 2977051
3481 2126465
3482 1275879
3483 850586
3484 1353205
3485 811923
3486 541282
3487 579945
3488 386630
3489 231978
3490 7058519
3491 5972593
3492 3800741
3493 2714815
3494 1628889
3495 1085926
3496 4567277
3497 2906449
3498 2076035
3499 1245621
3500 830414
3501 2459303
3502 1756645
3503 1053987
3504 702658
3505 1117865
3506 670719
3507 447146
3508 479085
3509 319390
3510 191634
3511 4086511
3512 2600507
3513 1857505
3514 1114503
3515 743002
3516 2200429
3517 1571735
3518 943041
3519 628694
3520 1000195
3521 600117
3522 400078
3523 428655
3524 285770
3525 171462
3526 1682681
3527 1201915
3528 721149
3529 480766
3530 764855
3531 458913
3532 305942
3533 327795
3534 218530
3535 131118
3536 647185
3537 388311
3538 258874
3539 277365
3540 184910
3541 110946
3542 176505
3543 117670
3544 70602
3545 50430
3546 50459971
3547 40019977
3548 33059981
3549 29579983
3550 22619987
3551 19139989
3552 12179993
3553 8699995
3554 5219997
3555 3479998
3556 37438043
3557 30927079
3558 27671597
3559 21160633
3560 17905151
3561 11394187
3562 8138705
3563 4883223
3564 3255482
3565 24528373
3566 21946439
3567 16782571
3568 14200637
3569 9036769
3570 6454835
3571 3872901
3572 2581934
3573 18129667
3574 13863863
3575 11730961
3576 7465157
3577 5332255
3578 3199353
3579 2132902
3580 12404509
3581 10496123
3582 6679351
3583 4770965
3584 2862579
3585 1908386
3586 8026447
3587 5107739
3588 3648385
3589 2189031
3590 1459354
3591 4321933
3592 3087095
3593 1852257
3594 1234838
3595 1964515
3596 1178709
3597 785806
3598 841935
3599 561290
3600 336774
3601 28306813
3602 23383889
3603 20922427
3604 15999503
3605 13538041
3606 8615117
3607 6153655
3608 3692193
3609 2461462
3610 18545843
3611 16593649
3612 12689261
3613 10737067
3614 6832679
3615 4880485
3616 2928291
3617 1952194
3618 13707797
3619 10482433
3620 8869751
3621 5644387
3622 4031705
3623 2419023
3624 1612682
3625 9379019
3626 7936093
3627 5050241
3628 3607315
3629 2164389
3630 1442926
3631 6068777
3632 3861949
3633 2758535
3634 1655121
3635 1103414
3636 3267803
3637 2334145
3638 1400487
3639 933658
3640 1485365
3641 891219
3642 594146
3643 636585
3644 424390
3645 254634
3646 17349337
3647 15523091
3648 11870599
3649 10044353
3650 6391861
3651 4565615
3652 2739369
3653 1826246
3654 12823423
3655 9806147
3656 8297509
3657 5280233
3658 3771595
3659 2262957
3660 1508638
3661 8773921
3662 7424087
3663 4724419
3664 3374585
3665 2024751
3666 1349834
3667 5677243
3668 3612791
3669 2580565
3670 1548339
3671 1032226
3672 3056977
3673 2183555
3674 1310133
3675 873422
3676 1389535
3677 833721
3678 555814
3679 595515
3680 397010
3681 238206
3682 10170301
3683 7777289
3684 6580783
3685 4187771
3686 2991265
3687 1794759
3688 1196506
3689 6958627
3690 5888069
3691 3746953
3692 2676395
3693 1605837
3694 1070558
3695 4502641
3696 2865317
3697 2046655
3698 1227993
3699 818662
3700 2424499
3701 1731785
3702 1039071
3703 692714
3704 1102045
3705 661227
3706 440818
3707 472305
3708 314870
3709 188922
3710 5748431
3711 4864057
3712 3095309
3713 2210935
3714 1326561
3715 884374
3716 3719573
3717 2367001
3718 1690715
3719 1014429
3720 676286
3721 2002847
3722 1430605
3723 858363
3724 572242
3725 910385
3726 546231
3727 364154
3728 390165
3729 260110
3730 156066
3731 3328039
3732 2117843
3733 1512745
3734 907647
3735 605098
3736 1792021
3737 1280015
3738 768009
3739 512006
3740 814555
3741 488733
3742 325822
3743 349095
3744 232730
3745 139638
3746 1370369
3747 978835
3748 587301
3749 391534
3750 622895
3751 373737
3752 249158
3753 266955
3754 177970
3755 106782
3756 527065
3757 316239
3758 210826
3759 225885
3760 150590
3761 90354
3762 143745
3763 95830
3764 57498
3765 41070
3766 42277273
3767 33530251
3768 27698903
3769 24783229
3770 18951881
3771 16036207
3772 10204859
3773 7289185
3774 4373511
3775 2915674
3776 26280467
3777 21709951
3778 19424693
3779 14854177
3780 12568919
3781 7998403
3782 5713145
3783 3427887
3784 2285258
3785 17218237
3786 15405791
3787 11780899
3788 9968453
3789 6343561
3790 4531115
3791 2718669
3792 1812446
3793 12726523
3794 9732047
3795 8234809
3796 5240333
3797 3743095
3798 2245857
3799 1497238
3800 8707621
3801 7367987
3802 4688719
3803 3349085
3804 2009451
3805 1339634
3806 5634343
3807 3585491
3808 2561065
3809 1536639
3810 1024426
3811 3033877
3812 2167055
3813 1300233
3814 866822
3815 1379035
3816 827421
3817 551614
3818 591015
3819 394010
3820 236406
3821 23716519
3822 19591907
3823 17529601
3824 13404989
3825 11342683
3826 7218071
3827 5155765
3828 3093459
3829 2062306
3830 15538409
3831 13902787
3832 10631543
3833 8995921
3834 5724677
3835 4089055
3836 2453433
3837 1635622
3838 11484911
3839 8782579
3840 7431413
3841 4729081
3842 3377915
3843 2026749
3844 1351166
3845 7858097
3846 6649159
3847 4231283
3848 3022345
3849 1813407
3850 1208938
3851 5084651
3852 3235687
3853 2311205
3854 1386723
3855 924482
3856 2737889
3857 1955635
3858 1173381
3859 782254
3860 1244495
3861 746697
3862 497798
3863 533355
3864 355570
3865 213342
3866 12178753
3867 10896779
3868 8332831
3869 7050857
3870 4486909
3871 3204935
3872 1922961
3873 1281974
3874 9001687
3875 6883643
3876 5824621
3877 3706577
3878 2647555
3879 1588533
3880 1059022
3881 6159049
3882 5211503
3883 3316411
3884 2368865
3885 1421319
3886 947546
3887 3985267
3888 2536079
3889 1811485
3890 1086891
3891 724594
3892 2145913
3893 1532795
3894 919677
3895 613118
3896 975415
3897 585249
3898 390166
3899 418035
3900 278690
3901 167214
3902 7139269
3903 5459441
3904 4619527
3905 2939699
3906 2099785
3907 1259871
3908 839914
3909 4884763
3910 4133261
3911 2630257
3912 1878755
3913 1127253
3914 751502
3915 3160729
3916 2011373
3917 1436695
3918 862017
3919 574678
3920 1701931
3921 1215665
3922 729399
3923 486266
3924 773605
3925 464163
3926 309442
3927 331545
3928 221030
3929 132618
3930 4035239
3931 3414433
3932 2172821
3933 1552015
3934 931209
3935 620806
3936 2611037
3937 1661569
3938 1186835
3939 712101
3940 474734
3941 1405943
3942 1004245
3943 602547
3944 401698
3945 639065
3946 383439
3947 255626
3948 273885
3949 182590
3950 109554
3951 2336191
3952 1486667
3953 1061905
3954 637143
3955 424762
3956 1257949
3957 898535
3958 539121
3959 359414
3960 571795
3961 343077
3962 228718
3963 245055
3964 163370
3965 98022
3966 961961
3967 687115
3968 412269
3969 274846
3970 437255
3971 262353
3972 174902
3973 187395
3974 124930
3975 74958
3976 369985
3977 221991
3978 147994
3979 158565
3980 105710
3981 63426
3982 100905
3983 67270
3984 40362
3985 28830
3986 39549707
3987 29343331
3988 24240143
3989 21688549
3990 16585361
3991 14033767
3992 8930579
3993 6378985
3994 3827391
3995 2551594
3996 24584953
3997 20309309
3998 18171487
3999 13895843
4000 11758021
4001 7482377
4002 5344555
4003 3206733
4004 2137822
4005 15068197
4006 13482071
4007 10309819
4008 8723693
4009 5551441
4010 3965315
4011 2379189
4012 1586126
4013 11137363
4014 8516807
4015 7206529
4016 4585973
4017 3275695
4018 1965417
4019 1310278
4020 7620301
4021 6447947
4022 4103239
4023 2930885
4024 1758531
4025 1172354
4026 4930783
4027 3137771
4028 2241265
4029 1344759
4030 896506
4031 2655037
4032 1896455
4033 1137873
4034 758582
4035 1206835
4036 724101
4037 482734
4038 517215
4039 344810
4040 206886
4041 22186421
4042 18327913
4043 16398659
4044 12540151
4045 10610897
4046 6752389
4047 4823135
4048 2893881
4049 1929254
4050 13598129
4051 12166747
4052 9303983
4053 7872601
4054 5009837
4055 3578455
4056 2147073
4057 1431382
4058 10050791
4059 7685899
4060 6503453
4061 4138561
4062 2956115
4063 1773669
4064 1182446
4065 6876857
4066 5818879
4067 3702923
4068 2644945
4069 1586967
4070 1057978
4071 4449731
4072 2831647
4073 2022605
4074 1213563
4075 809042
4076 2396009
4077 1711435
4078 1026861
4079 684574
4080 1089095
4081 653457
4082 435638
4083 466755
4084 311170
4085 186702
4086 11393027
4087 10193761
4088 7795229
4089 6595963
4090 4197431
4091 2998165
4092 1798899
4093 1199266
4094 8420933
4095 6439537
4096 5448839
4097 3467443
4098 2476745
4099 1486047
4100 990698
4101 5761691
4102 4875277
4103 3102449
4104 2216035
4105 1329621
4106 886414
4107 3728153
4108 2372461
4109 1694615
4110 1016769
4111 677846
4112 2007467
4113 1433905
4114 860343
4115 573562
4116 912485
4117 547491
4118 364994
4119 391065
4120 260710
4121 156426
4122 6247789
4123 4777721
4124 4042687
4125 2572619
4126 1837585
4127 1102551
4128 735034
4129 4274803
4130 3617141
4131 2301817
4132 1644155
4133 986493
4134 657662
4135 2766049
4136 1760213
4137 1257295
4138 754377
4139 502918
4140 1489411
4141 1063865
4142 638319
4143 425546
4144 677005
4145 406203
4146 270802
4147 290145
4148 193430
4149 116058
4150 3531359
4151 2988073
4152 1901501
4153 1358215
4154 814929
4155 543286
4156 2284997
4157 1454089
4158 1038635
4159 623181
4160 415454
4161 1230383
4162 878845
4163 527307
4164 351538
4165 559265
4166 335559
4167 223706
4168 239685
4169 159790
4170 95874
4171 2044471
4172 1301027
4173 929305
4174 557583
4175 371722
4176 1100869
4177 786335
4178 471801
4179 314534
4180 500395
4181 300237
4182 200158
4183 214455
4184 142970
4185 85782
4186 841841
4187 601315
4188 360789
4189 240526
4190 382655
4191 229593
4192 153062
4193 163995
4194 109330
4195 65598
4196 323785
4197 194271
4198 129514
4199 138765
4200 92510
4201 55506
4202 88305
4203 58870
4204 35322
4205 25230
4206 24877283
4207 23272297
4208 15247367
4209 13642381
4210 10432409
4211 8827423
4212 5617451
4213 4012465
4214 2407479
4215 1604986
4216 19498411
4217 12774821
4218 11430103
4219 8740667
4220 7395949
4221 4706513
4222 3361795
4223 2017077
4224 1344718
4225 11950639
4226 10692677
4227 8176753
4228 6918791
4229 4402867
4230 3144905
4231 1886943
4232 1257962
4233 7005547
4234 5357183
4235 4533001
4236 2884637
4237 2060455
4238 1236273
4239 824182
4240 4793269
4241 4055843
4242 2580991
4243 1843565
4244 1106139
4245 737426
4246 3101527
4247 1973699
4248 1409785
4249 845871
4250 563914
4251 1670053
4252 1192895
4253 715737
4254 477158
4255 759115
4256 455469
4257 303646
4258 325335
4259 216890
4260 130134
4261 17596127
4262 11528497
4263 10314971
4264 7887919
4265 6674393
4266 4247341
4267 3033815
4268 1820289
4269 1213526
4270 10784723
4271 9649489
4272 7379021
4273 6243787
4274 3973319
4275 2838085
4276 1702851
4277 1135234
4278 6322079
4279 4834531
4280 4090757
4281 2603209
4282 1859435
4283 1115661
4284 743774
4285 4325633
4286 3660151
4287 2329187
4288 1663705
4289 998223
4290 665482
4291 2798939
4292 1781143
4293 1272245
4294 763347
4295 508898
4296 1507121
4297 1076515
4298 645909
4299 430606
4300 685055
4301 411033
4302 274022
4303 293595
4304 195730
4305 117438
4306 9035849
4307 8084707
4308 6182423
4309 5231281
4310 3328997
4311 2377855
4312 1426713
4313 951142
4314 5296877
4315 4050553
4316 3427391
4317 2181067
4318 1557905
4319 934743
4320 623162
4321 3624179
4322 3066613
4323 1951481
4324 1393915
4325 836349
4326 557566
4327 2345057
4328 1492309
4329 1065935
4330 639561
4331 426374
4332 1262723
4333 901945
4334 541167
4335 360778
4336 573965
4337 344379
4338 229586
4339 245985
4340 163990
4341 98394
4342 4955143
4343 3789227
4344 3206269
4345 2040353
4346 1457395
4347 874437
4348 582958
4349 3390361
4350 2868767
4351 1825579
4352 1303985
4353 782391
4354 521594
4355 2193763
4356 1396031
4357 997165
4358 598299
4359 398866
4360 1181257
4361 843755
4362 506253
4363 337502
4364 536935
4365 322161
4366 214774
4367 230115
4368 153410
4369 92046
4370 2221271
4371 1879537
4372 1196069
4373 854335
4374 512601
4375 341734
4376 1437293
4377 914641
4378 653315
4379 391989
4380 261326
4381 773927
4382 552805
4383 331683
4384 221122
4385 351785
4386 211071
4387 140714
4388 150765
4389 100510
4390 60306
4391 1285999
4392 818363
4393 584545
4394 350727
4395 233818
4396 692461
4397 494615
4398 296769
4399 197846
4400 314755
4401 188853
4402 125902
4403 134895
4404 89930
4405 53958
4406 529529
4407 378235
4408 226941
4409 151294
4410 240695
4411 144417
4412 96278
4413 103155
4414 68770
4415 41262
4416 203665
4417 122199
4418 81466
4419 87285
4420 58190
4421 34914
4422 55545
4423 37030
4424 22218
4425 15870
4426 16976747
4427 15881473
4428 12595651
4429 9309829
4430 7119281
4431 6024007
4432 3833459
4433 2738185
4434 1642911
4435 1095274
4436 13306099
4437 10553113
4438 7800127
4439 5964803
4440 5047141
4441 3211817
4442 2294155
4443 1376493
4444 917662
4445 9872267
4446 7296893
4447 5579977
4448 4721519
4449 3004603
4450 2146145
4451 1287687
4452 858458
4453 5787191
4454 4425499
4455 3744653
4456 2382961
4457 1702115
4458 1021269
4459 680846
4460 3271021
4461 2767787
4462 1761319
4463 1258085
4464 754851
4465 503234
4466 2116543
4467 1346891
4468 962065
4469 577239
4470 384826
4471 1139677
4472 814055
4473 488433
4474 325622
4475 518035
4476 310821
4477 207214
4478 222015
4479 148010
4480 88806
4481 12007943
4482 9523541
4483 7039139
4484 5382871
4485 4554737
4486 2898469
4487 2070335
4488 1242201
4489 828134
4490 8909119
4491 6585001
4492 5035589
4493 4260883
4494 2711471
4495 1936765
4496 1162059
4497 774706
4498 5222587
4499 3993743
4500 3379321
4501 2150477
4502 1536055
4503 921633
4504 614422
4505 2951897
4506 2497759
4507 1589483
4508 1135345
4509 681207
4510 454138
4511 1910051
4512 1215487
4513 868205
4514 520923
4515 347282
4516 1028489
4517 734635
4518 440781
4519 293854
4520 467495
4521 280497
4522 186998
4523 200355
4524 133570
4525 80142
4526 7464397
4527 5517163
4528 4219007
4529 3569929
4530 2271773
4531 1622695
4532 973617
4533 649078
4534 4375681
4535 3346109
4536 2831323
4537 1801751
4538 1286965
4539 772179
4540 514786
4541 2473211
4542 2092717
4543 1331729
4544 951235
4545 570741
4546 380494
4547 1600313
4548 1018381
4549 727415
4550 436449
4551 290966
4552 861707
4553 615505
4554 369303
4555 246202
4556 391685
4557 235011
4558 156674
4559 167865
4560 111910
4561 67146
4562 4093379
4563 3130231
4564 2648657
4565 1685509
4566 1203935
4567 722361
4568 481574
4569 2313649
4570 1957703
4571 1245811
4572 889865
4573 533919
4574 355946
4575 1497067
4576 952679
4577 680485
4578 408291
4579 272194
4580 806113
4581 575795
4582 345477
4583 230318
4584 366415
4585 219849
4586 146566
4587 157035
4588 104690
4589 62814
4590 1834963
4591 1552661
4592 988057
4593 705755
4594 423453
4595 282302
4596 1187329
4597 755573
4598 539695
4599 323817
4600 215878
4601 639331
4602 456665
4603 273999
4604 182666
4605 290605
4606 174363
4607 116242
4608 124545
4609 83030
4610 49818
4611 877591
4612 558467
4613 398905
4614 239343
4615 159562
4616 472549
4617 337535
4618 202521
4619 135014
4620 214795
4621 128877
4622 85918
4623 92055
4624 61370
4625 36822
4626 361361
4627 258115
4628 154869
4629 103246
4630 164255
4631 98553
4632 65702
4633 70395
4634 46930
4635 28158
4636 138985
4637 83391
4638 55594
4639 59565
4640 39710
4641 23826
4642 37905
4643 25270
4644 15162
4645 10830
4646 13590803
4647 12713977
4648 10083499
4649 8329847
4650 5699369
4651 4822543
4652 3068891
4653 2192065
4654 1315239
4655 876826
4656 10652251
4657 8448337
4658 6979061
4659 4775147
4660 4040509
4661 2571233
4662 1836595
4663 1101957
4664 734638
4665 7903283
4666 6528799
4667 4467073
4668 3779831
4669 2405347
4670 1718105
4671 1030863
4672 687242
4673 5178013
4674 3542851
4675 2997797
4676 1907689
4677 1362635
4678 817581
4679 545054
4680 2926703
4681 2476441
4682 1575917
4683 1125655
4684 675393
4685 450262
4686 1694407
4687 1078259
4688 770185
4689 462111
4690 308074
4691 912373
4692 651695
4693 391017
4694 260678
4695 414715
4696 248829
4697 165886
4698 177735
4699 118490
4700 71094
4701 9613007
4702 7624109
4703 6298177
4704 4309279
4705 3646313
4706 2320381
4707 1657415
4708 994449
4709 662966
4710 7132231
4711 5891843
4712 4031261
4713 3411067
4714 2170679
4715 1550485
4716 930291
4717 620194
4718 4672841
4719 3197207
4720 2705329
4721 1721573
4722 1229695
4723 737817
4724 491878
4725 2641171
4726 2234837
4727 1422169
4728 1015835
4729 609501
4730 406334
4731 1529099
4732 973063
4733 695045
4734 417027
4735 278018
4736 823361
4737 588115
4738 352869
4739 235246
4740 374255
4741 224553
4742 149702
4743 160395
4744 106930
4745 64158
4746 5975653
4747 4936409
4748 3377543
4749 2857921
4750 1818677
4751 1299055
4752 779433
4753 519622
4754 3915083
4755 2678741
4756 2266627
4757 1442399
4758 1030285
4759 618171
4760 412114
4761 2212873
4762 1872431
4763 1191547
4764 851105
4765 510663
4766 340442
4767 1281137
4768 815269
4769 582335
4770 349401
4771 232934
4772 689843
4773 492745
4774 295647
4775 197098
4776 313565
4777 188139
4778 125426
4779 134385
4780 89590
4781 53754
4782 3662497
4783 2505919
4784 2120393
4785 1349341
4786 963815
4787 578289
4788 385526
4789 2070107
4790 1751629
4791 1114673
4792 796195
4793 477717
4794 318478
4795 1198483
4796 762671
4797 544765
4798 326859
4799 217906
4800 645337
4801 460955
4802 276573
4803 184382
4804 293335
4805 176001
4806 117334
4807 125715
4808 83810
4809 50286
4810 1641809
4811 1389223
4812 884051
4813 631465
4814 378879
4815 252586
4816 950521
4817 604877
4818 432055
4819 259233
4820 172822
4821 511819
4822 365585
4823 219351
4824 146234
4825 232645
4826 139587
4827 93058
4828 99705
4829 66470
4830 39882
4831 785213
4832 499681
4833 356915
4834 214149
4835 142766
4836 422807
4837 302005
4838 181203
4839 120802
4840 192185
4841 115311
4842 76874
4843 82365
4844 54910
4845 32946
4846 289289
4847 206635
4848 123981
4849 82654
4850 131495
4851 78897
4852 52598
4853 56355
4854 37570
4855 22542
4856 111265
4857 66759
4858 44506
4859 47685
4860 31790
4861 19074
4862 30345
4863 20230
4864 12138
4865 8670
4866 7947563
4867 7434817
4868 5896579
4869 4871087
4870 4358341
4871 2820103
4872 1794611
4873 1281865
4874 769119
4875 512746
4876 6229171
4877 4940377
4878 4081181
4879 3651583
4880 2362789
4881 1503593
4882 1073995
4883 644397
4884 429598
4885 4621643
4886 3817879
4887 3415997
4888 2210351
4889 1406587
4890 1004705
4891 602823
4892 401882
4893 3027973
4894 2709239
4895 1753037
4896 1115569
4897 796835
4898 478101
4899 318734
4900 2238067
4901 1448161
4902 921557
4903 658255
4904 394953
4905 263302
4906 1295723
4907 824551
4908 588965
4909 353379
4910 235586
4911 533533
4912 381095
4913 228657
4914 152438
4915 242515
4916 145509
4917 97006
4918 103935
4919 69290
4920 41574
4921 5621447
4922 4458389
4923 3683017
4924 3295331
4925 2132273
4926 1356901
4927 969215
4928 581529
4929 387686
4930 4170751
4931 3445403
4932 3082729
4933 1994707
4934 1269359
4935 906685
4936 544011
4937 362674
4938 2732561
4939 2444923
4940 1582009
4941 1006733
4942 719095
4943 431457
4944 287638
4945 2019719
4946 1306877
4947 831649
4948 594035
4949 356421
4950 237614
4951 1169311
4952 744107
4953 531505
4954 318903
4955 212602
4956 481481
4957 343915
4958 206349
4959 137566
4960 218855
4961 131313
4962 87542
4963 93795
4964 62530
4965 37518
4966 3494413
4967 2886689
4968 2582827
4969 1671241
4970 1063517
4971 759655
4972 455793
4973 303862
4974 2289443
4975 2048449
4976 1325467
4977 843479
4978 602485
4979 361491
4980 240994
4981 1692197
4982 1094951
4983 696787
4984 497705
4985 298623
4986 199082
4987 979693
4988 623441
4989 445315
4990 267189
4991 178126
4992 403403
4993 288145
4994 172887
4995 115258
4996 183365
4997 110019
4998 73346
4999 78585
5000 52390
5001 31434
5002 2141737
5003 1916291
5004 1239953
5005 789061
5006 563615
5007 338169
5008 225446
5009 1583023
5010 1024309
5011 651833
5012 465595
5013 279357
5014 186238
5015 916487
5016 583219
5017 416585
5018 249951
5019 166634
5020 377377
5021 269555
5022 161733
5023 107822
5024 171535
5025 102921
5026 68614
5027 73515
5028 49010
5029 29406
5030 1255501
5031 812383
5032 516971
5033 369265
5034 221559
5035 147706
5036 726869
5037 462553
5038 330395
5039 198237
5040 132158
5041 299299
5042 213785
5043 128271
5044 85514
5045 136045
5046 81627
5047 54418
5048 58305
5049 38870
5050 23322
5051 600457
5052 382109
5053 272935
5054 163761
5055 109174
5056 247247
5057 176605
5058 105963
5059 70642
5060 112385
5061 67431
5062 44954
5063 48165
5064 32110
5065 19266
5066 221221
5067 158015
5068 94809
5069 63206
5070 100555
5071 60333
5072 40222
5073 43095
5074 28730
5075 17238
5076 65065
5077 39039
5078 26026
5079 27885
5080 18590
5081 11154
5082 17745
5083 11830
5084 7098
5085 5070
5086 5690267
5087 5323153
5088 4221811
5089 3487583
5090 3120469
5091 2386241
5092 1284899
5093 917785
5094 550671
5095 367114
5096 4459939
5097 3537193
5098 2922029
5099 2614447
5100 1999283
5101 1076537
5102 768955
5103 461373
5104 307582
5105 3308987
5106 2733511
5107 2445773
5108 1870297
5109 1007083
5110 719345
5111 431607
5112 287738
5113 2167957
5114 1939751
5115 1483339
5116 798721
5117 570515
5118 342309
5119 228206
5120 1602403
5121 1225367
5122 659813
5123 471295
5124 282777
5125 188518
5126 1096381
5127 590359
5128 421685
5129 253011
5130 168674
5131 451451
5132 322465
5133 193479
5134 128986
5135 173635
5136 104181
5137 69454
5138 74415
5139 49610
5140 29766
5141 4024823
5142 3192101
5143 2636953
5144 2359379
5145 1804231
5146 971509
5147 693935
5148 416361
5149 277574
5150 2986159
5151 2466827
5152 2207161
5153 1687829
5154 908831
5155 649165
5156 389499
5157 259666
5158 1956449
5159 1750507
5160 1338623
5161 720797
5162 514855
5163 308913
5164 205942
5165 1446071
5166 1105819
5167 595441
5168 425315
5169 255189
5170 170126
5171 989417
5172 532763
5173 380545
5174 228327
5175 152218
5176 407407
5177 291005
5178 174603
5179 116402
5180 156695
5181 94017
5182 62678
5183 67155
5184 44770
5185 26862
5186 2501917
5187 2066801
5188 1849243
5189 1414127
5190 761453
5191 543895
5192 326337
5193 217558
5194 1639187
5195 1466641
5196 1121549
5197 603911
5198 431365
5199 258819
5200 172546
5201 1211573
5202 926497
5203 498883
5204 356345
5205 213807
5206 142538
5207 828971
5208 446369
5209 318835
5210 191301
5211 127534
5212 341341
5213 243815
5214 146289
5215 97526
5216 131285
5217 78771
5218 52514
5219 56265
5220 37510
5221 22506
5222 1533433
5223 1372019
5224 1049191
5225 564949
5226 403535
5227 242121
5228 161414
5229 1133407
5230 866723
5231 466697
5232 333355
5233 200013
5234 133342
5235 775489
5236 417571
5237 298265
5238 178959
5239 119306
5240 319319
5241 228085
5242 136851
5243 91234
5244 122815
5245 73689
5246 49126
5247 52635
5248 35090
5249 21054
5250 898909
5251 687401
5252 370139
5253 264385
5254 158631
5255 105754
5256 615043
5257 331177
5258 236555
5259 141933
5260 94622
5261 253253
5262 180895
5263 108537
5264 72358
5265 97405
5266 58443
5267 38962
5268 41745
5269 27830
5270 16698
5271 508079
5272 273581
5273 195415
5274 117249
5275 78166
5276 209209
5277 149435
5278 89661
5279 59774
5280 80465
5281 48279
5282 32186
5283 34485
5284 22990
5285 13794
5286 187187
5287 133705
5288 80223
5289 53482
5290 71995
5291 43197
5292 28798
5293 30855
5294 20570
5295 12342
5296 55055
5297 33033
5298 22022
5299 23595
5300 15730
5301 9438
5302 12705
5303 8470
5304 5082
5305 3630
5306 2304323
5307 2155657
5308 1709659
5309 1412327
5310 1263661
5311 966329
5312 817663
5313 371665
5314 222999
5315 148666
5316 1806091
5317 1432417
5318 1183301
5319 1058743
5320 809627
5321 685069
5322 311395
5323 186837
5324 124558
5325 1340003
5326 1106959
5327 990437
5328 757393
5329 640871
5330 291305
5331 174783
5332 116522
5333 877933
5334 785519
5335 600691
5336 508277
5337 231035
5338 138621
5339 92414
5340 648907
5341 496223
5342 419881
5343 190855
5344 114513
5345 76342
5346 443989
5347 375683
5348 170765
5349 102459
5350 68306
5351 287287
5352 130585
5353 78351
5354 52234
5355 110495
5356 66297
5357 44198
5358 30135
5359 20090
5360 12054
5361 1629887
5362 1292669
5363 1067857
5364 955451
5365 730639
5366 618233
5367 281015
5368 168609
5369 112406
5370 1209271
5371 998963
5372 893809
5373 683501
5374 578347
5375 262885
5376 157731
5377 105154
5378 792281
5379 708883
5380 542087
5381 458689
5382 208495
5383 125097
5384 83398
5385 585599
5386 447811
5387 378917
5388 172235
5389 103341
5390 68894
5391 400673
5392 339031
5393 154105
5394 92463
5395 61642
5396 259259
5397 117845
5398 70707
5399 47138
5400 99715
5401 59829
5402 39886
5403 27195
5404 18130
5405 10878
5406 1013173
5407 836969
5408 748867
5409 572663
5410 484561
5411 220255
5412 132153
5413 88102
5414 663803
5415 593929
5416 454181
5417 384307
5418 174685
5419 104811
5420 69874
5421 490637
5422 375193
5423 317471
5424 144305
5425 86583
5426 57722
5427 335699
5428 284053
5429 129115
5430 77469
5431 51646
5432 217217
5433 98735
5434 59241
5435 39494
5436 83545
5437 50127
5438 33418
5439 22785
5440 15190
5441 9114
5442 620977
5443 555611
5444 424879
5445 359513
5446 163415
5447 98049
5448 65366
5449 458983
5450 350987
5451 296989
5452 134995
5453 80997
5454 53998
5455 314041
5456 265727
5457 120785
5458 72471
5459 48314
5460 203203
5461 92365
5462 55419
5463 36946
5464 78155
5465 46893
5466 31262
5467 21315
5468 14210
5469 8526
5470 364021
5471 278369
5472 235543
5473 107065
5474 64239
5475 42826
5476 249067
5477 210749
5478 95795
5479 57477
5480 38318
5481 161161
5482 73255
5483 43953
5484 29302
5485 61985
5486 37191
5487 24794
5488 16905
5489 11270
5490 6762
5491 205751
5492 174097
5493 79135
5494 47481
5495 31654
5496 133133
5497 60515
5498 36309
5499 24206
5500 51205
5501 30723
5502 20482
5503 13965
5504 9310
5505 5586
5506 119119
5507 54145
5508 32487
5509 21658
5510 45815
5511 27489
5512 18326
5513 12495
5514 8330
5515 4998
5516 35035
5517 21021
5518 14014
5519 9555
5520 6370
5521 3822
5522 8085
5523 5390
5524 3234
5525 1470
5526 1175675
5527 1099825
5528 872275
5529 720575
5530 644725
5531 493025
5532 417175
5533 265475
5534 113775
5535 75850
5536 921475
5537 730825
5538 603725
5539 540175
5540 413075
5541 349525
5542 222425
5543 95325
5544 63550
5545 683675
5546 564775
5547 505325
5548 386425
5549 326975
5550 208075
5551 89175
5552 59450
5553 447925
5554 400775
5555 306475
5556 259325
5557 165025
5558 70725
5559 47150
5560 331075
5561 253175
5562 214225
5563 136325
5564 58425
5565 38950
5566 226525
5567 191675
5568 121975
5569 52275
5570 34850
5571 146575
5572 93275
5573 39975
5574 26650
5575 78925
5576 33825
5577 22550
5578 21525
5579 14350
5580 6150
5581 831575
5582 659525
5583 544825
5584 487475
5585 372775
5586 315425
5587 200725
5588 86025
5589 57350
5590 616975
5591 509675
5592 456025
5593 348725
5594 295075
5595 187775
5596 80475
5597 53650
5598 404225
5599 361675
5600 276575
5601 234025
5602 148925
5603 63825
5604 42550
5605 298775
5606 228475
5607 193325
5608 123025
5609 52725
5610 35150
5611 204425
5612 172975
5613 110075
5614 47175
5615 31450
5616 132275
5617 84175
5618 36075
5619 24050
5620 71225
5621 30525
5622 20350
5623 19425
5624 12950
5625 5550
5626 516925
5627 427025
5628 382075
5629 292175
5630 247225
5631 157325
5632 67425
5633 44950
5634 338675
5635 303025
5636 231725
5637 196075
5638 124775
5639 53475
5640 35650
5641 250325
5642 191425
5643 161975
5644 103075
5645 44175
5646 29450
5647 171275
5648 144925
5649 92225
5650 39525
5651 26350
5652 110825
5653 70525
5654 30225
5655 20150
5656 59675
5657 25575
5658 17050
5659 16275
5660 10850
5661 4650
5662 316825
5663 283475
5664 216775
5665 183425
5666 116725
5667 50025
5668 33350
5669 234175
5670 179075
5671 151525
5672 96425
5673 41325
5674 27550
5675 160225
5676 135575
5677 86275
5678 36975
5679 24650
5680 103675
5681 65975
5682 28275
5683 18850
5684 55825
5685 23925
5686 15950
5687 15225
5688 10150
5689 4350
5690 185725
5691 142025
5692 120175
5693 76475
5694 32775
5695 21850
5696 127075
5697 107525
5698 68425
5699 29325
5700 19550
5701 82225
5702 52325
5703 22425
5704 14950
5705 44275
5706 18975
5707 12650
5708 12075
5709 8050
5710 3450
5711 104975
5712 88825
5713 56525
5714 24225
5715 16150
5716 67925
5717 43225
5718 18525
5719 12350
5720 36575
5721 15675
5722 10450
5723 9975
5724 6650
5725 2850
5726 60775
5727 38675
5728 16575
5729 11050
5730 32725
5731 14025
5732 9350
5733 8925
5734 5950
5735 2550
5736 25025
5737 10725
5738 7150
5739 6825
5740 4550
5741 1950
5742 5775
5743 3850
5744 1650
5745 1050
5746 423243
5747 395937
5748 314019
5749 259407
5750 232101
5751 177489
5752 150183
5753 95571
5754 68265
5755 27306
5756 331731
5757 263097
5758 217341
5759 194463
5760 148707
5761 125829
5762 80073
5763 57195
5764 22878
5765 246123
5766 203319
5767 181917
5768 139113
5769 117711
5770 74907
5771 53505
5772 21402
5773 161253
5774 144279
5775 110331
5776 93357
5777 59409
5778 42435
5779 16974
5780 119187
5781 91143
5782 77121
5783 49077
5784 35055
5785 14022
5786 81549
5787 69003
5788 43911
5789 31365
5790 12546
5791 52767
5792 33579
5793 23985
5794 9594
5795 28413
5796 20295
5797 8118
5798 12915
5799 5166
5800 3690
5801 299367
5802 237429
5803 196137
5804 175491
5805 134199
5806 113553
5807 72261
5808 51615
5809 20646
5810 222111
5811 183483
5812 164169
5813 125541
5814 106227
5815 67599
5816 48285
5817 19314
5818 145521
5819 130203
5820 99567
5821 84249
5822 53613
5823 38295
5824 15318
5825 107559
5826 82251
5827 69597
5828 44289
5829 31635
5830 12654
5831 73593
5832 62271
5833 39627
5834 28305
5835 11322
5836 47619
5837 30303
5838 21645
5839 8658
5840 25641
5841 18315
5842 7326
5843 11655
5844 4662
5845 3330
5846 186093
5847 153729
5848 137547
5849 105183
5850 89001
5851 56637
5852 40455
5853 16182
5854 121923
5855 109089
5856 83421
5857 70587
5858 44919
5859 32085
5860 12834
5861 90117
5862 68913
5863 58311
5864 37107
5865 26505
5866 10602
5867 61659
5868 52173
5869 33201
5870 23715
5871 9486
5872 39897
5873 25389
5874 18135
5875 7254
5876 21483
5877 15345
5878 6138
5879 9765
5880 3906
5881 2790
5882 114057
5883 102051
5884 78039
5885 66033
5886 42021
5887 30015
5888 12006
5889 84303
5890 64467
5891 54549
5892 34713
5893 24795
5894 9918
5895 57681
5896 48807
5897 31059
5898 22185
5899 8874
5900 37323
5901 23751
5902 16965
5903 6786
5904 20097
5905 14355
5906 5742
5907 9135
5908 3654
5909 2610
5910 66861
5911 51129
5912 43263
5913 27531
5914 19665
5915 7866
5916 45747
5917 38709
5918 24633
5919 17595
5920 7038
5921 29601
5922 18837
5923 13455
5924 5382
5925 15939
5926 11385
5927 4554
5928 7245
5929 2898
5930 2070
5931 37791
5932 31977
5933 20349
5934 14535
5935 5814
5936 24453
5937 15561
5938 11115
5939 4446
5940 13167
5941 9405
5942 3762
5943 5985
5944 2394
5945 1710
5946 21879
5947 13923
5948 9945
5949 3978
5950 11781
5951 8415
5952 3366
5953 5355
5954 2142
5955 1530
5956 9009
5957 6435
5958 2574
5959 4095
5960 1638
5961 1170
5962 3465
5963 1386
5964 990
5965 630
5966 188108
5967 175972
5968 139564
5969 115292
5970 103156
5971 78884
5972 66748
5973 42476
5974 30340
5975 18204
5976 147436
5977 116932
5978 96596
5979 86428
5980 66092
5981 55924
5982 35588
5983 25420
5984 15252
5985 109388
5986 90364
5987 80852
5988 61828
5989 52316
5990 33292
5991 23780
5992 14268
5993 71668
5994 64124
5995 49036
5996 41492
5997 26404
5998 18860
5999 11316
6000 52972
6001 40508
6002 34276
6003 21812
6004 15580
6005 9348
6006 36244
6007 30668
6008 19516
6009 13940
6010 8364
6011 23452
6012 14924
6013 10660
6014 6396
6015 12628
6016 9020
6017 5412
6018 5740
6019 3444
6020 2460
6021 133052
6022 105524
6023 87172
6024 77996
6025 59644
6026 50468
6027 32116
6028 22940
6029 13764
6030 98716
6031 81548
6032 72964
6033 55796
6034 47212
6035 30044
6036 21460
6037 12876
6038 64676
6039 57868
6040 44252
6041 37444
6042 23828
6043 17020
6044 10212
6045 47804
6046 36556
6047 30932
6048 19684
6049 14060
6050 8436
6051 32708
6052 27676
6053 17612
6054 12580
6055 7548
6056 21164
6057 13468
6058 9620
6059 5772
6060 11396
6061 8140
6062 4884
6063 5180
6064 3108
6065 2220
6066 82708
6067 68324
6068 61132
6069 46748
6070 39556
6071 25172
6072 17980
6073 10788
6074 54188
6075 48484
6076 37076
6077 31372
6078 19964
6079 14260
6080 8556
6081 40052
6082 30628
6083 25916
6084 16492
6085 11780
6086 7068
6087 27404
6088 23188
6089 14756
6090 10540
6091 6324
6092 17732
6093 11284
6094 8060
6095 4836
6096 9548
6097 6820
6098 4092
6099 4340
6100 2604
6101 1860
6102 50692
6103 45356
6104 34684
6105 29348
6106 18676
6107 13340
6108 8004
6109 37468
6110 28652
6111 24244
6112 15428
6113 11020
6114 6612
6115 25636
6116 21692
6117 13804
6118 9860
6119 5916
6120 16588
6121 10556
6122 7540
6123 4524
6124 8932
6125 6380
6126 3828
6127 4060
6128 2436
6129 1740
6130 29716
6131 22724
6132 19228
6133 12236
6134 8740
6135 5244
6136 20332
6137 17204
6138 10948
6139 7820
6140 4692
6141 13156
6142 8372
6143 5980
6144 3588
6145 7084
6146 5060
6147 3036
6148 3220
6149 1932
6150 1380
6151 16796
6152 14212
6153 9044
6154 6460
6155 3876
6156 10868
6157 6916
6158 4940
6159 2964
6160 5852
6161 4180
6162 2508
6163 2660
6164 1596
6165 1140
6166 9724
6167 6188
6168 4420
6169 2652
6170 5236
6171 3740
6172 2244
6173 2380
6174 1428
6175 1020
6176 4004
6177 2860
6178 1716
6179 1820
6180 1092
6181 780
6182 1540
6183 924
6184 660
6185 420
