1600 7936
1601 3968
1602 1984
1603 992
1604 496
1605 248
1606 124
1607 62
1608 31
1609 4111
6186 7808
6187 7744
6188 7712
6189 7696
6190 7688
6191 7684
6192 7682
6193 7432
6194 7681
6195 7552
6196 7488
6197 7456
6198 7440
6199 7428
6200 7426
6201 7425
6202 7360
6203 7328
6204 7312
6205 7304
6206 7300
6207 7298
6208 7297
6209 7264
6210 7248
6211 7240
6212 7236
6213 7234
6214 7233
6215 7216
6216 7208
6217 7204
6218 7202
6219 7201
6220 7192
6221 7188
6222 7171
6223 7186
6224 7185
6225 7180
6226 7178
6227 7177
6228 7174
6229 7173
6230 7040
6231 6976
6232 6944
6233 6928
6234 6920
6235 6916
6236 6914
6237 6913
6238 6848
6239 6816
6240 6800
6241 6792
6242 6788
6243 6786
6244 6785
6245 6752
6246 6736
6247 6692
6248 6728
6249 6724
6250 6722
6251 6721
6252 6704
6253 6696
6254 6690
6255 6673
6256 6689
6257 6680
6258 6676
6259 6674
6260 6668
6261 6666
6262 6665
6263 6662
6264 6661
6265 6659
6266 6592
6267 6560
6268 6544
6269 6536
6270 6532
6271 6530
6272 6529
6273 6496
6274 6480
6275 6472
6276 6468
6277 6466
6278 6465
6279 6420
6280 6448
6281 6440
6282 6436
6283 6434
6284 6433
6285 6424
6286 6418
6287 6417
6288 6412
6289 6410
6290 6409
6291 6406
6292 6405
6293 6403
6294 6368
6295 6352
6296 6344
6297 6340
6298 6305
6299 6338
6300 6337
6301 6320
6302 6312
6303 6308
6304 6306
6305 6296
6306 6284
6307 6292
6308 6290
6309 6289
6310 6282
6311 6281
6312 6256
6313 6278
6314 6277
6315 6275
6316 6248
6317 6244
6318 6242
6319 6241
6320 6232
6321 6228
6322 6226
6323 6225
6324 6220
6325 6218
6326 6217
6327 6214
6328 6213
6329 6211
6330 6200
6331 6196
6332 6194
6333 6193
6334 6188
6335 6186
6336 6185
6337 6169
6338 6182
6339 6181
6340 6179
6341 6172
6342 6170
6343 6166
6344 6165
6345 6163
6346 6158
6347 6157
6348 6155
6349 6151
6350 6016
6351 5952
6352 5920
6353 5904
6354 5896
6355 5892
6356 5890
6357 5889
6358 5824
6359 5761
6360 5792
6361 5776
6362 5768
6363 5764
6364 5762
6365 5728
6366 5698
6367 5712
6368 5704
6369 5700
6370 5697
6371 5680
6372 5672
6373 5668
6374 5666
6375 5665
6376 5656
6377 5652
6378 5650
6379 5649
6380 5644
6381 5642
6382 5641
6383 5638
6384 5637
6385 5635
6386 5568
6387 5536
6388 5520
6389 5512
6390 5448
6391 5508
6392 5506
6393 5505
6394 5472
6395 5456
6396 5444
6397 5442
6398 5441
6399 5424
6400 5416
6401 5412
6402 5410
6403 5409
6404 5400
6405 5396
6406 5394
6407 5393
6408 5388
6409 5386
6410 5328
6411 5385
6412 5382
6413 5381
6414 5379
6415 5344
6416 5320
6417 5313
6418 5316
6419 5314
6420 5296
6421 5288
6422 5284
6423 5282
6424 5281
6425 5272
6426 5268
6427 5266
6428 5265
6429 5260
6430 5258
6431 5257
6432 5254
6433 5253
6434 5251
6435 5232
6436 5224
6437 5220
6438 5218
6439 5217
6440 5196
6441 5208
6442 5204
6443 5202
6444 5201
6445 5194
6446 5193
6447 5190
6448 5189
6449 5187
6450 5176
6451 5172
6452 5170
6453 5169
6454 5164
6455 5162
6456 5148
6457 5161
6458 5158
6459 5157
6460 5155
6461 5146
6462 5141
6463 5145
6464 5142
6465 5139
6466 5134
6467 5133
6468 5131
6469 5127
6470 5056
6471 5024
6472 5008
6473 5000
6474 4996
6475 4994
6476 4993
6477 4960
6478 4944
6479 4912
6480 4936
6481 4932
6482 4930
6483 4929
6484 4904
6485 4900
6486 4898
6487 4897
6488 4888
6489 4884
6490 4882
6491 4881
6492 4876
6493 4874
6494 4832
6495 4873
6496 4870
6497 4869
6498 4867
6499 4816
6500 4808
6501 4804
6502 4802
6503 4801
6504 4784
6505 4776
6506 3904
6507 1952
6508 1585
6509 1392
6510 1384
6511 1356
6512 1354
6513 1353
6514 1350
6515 1349
6516 1347
6517 1336
6518 1332
6519 1330
6520 1324
6521 1322
6522 1321
6523 1317
6524 1318
6525 1380
6526 1378
6527 1377
6528 1368
6529 1364
6530 1362
6531 1329
6532 1315
6533 1580
6534 1578
6535 1577
6536 1574
6537 1573
6538 1571
6539 1564
6540 1562
6541 1561
6542 1558
6543 1557
6544 1555
6545 1550
6546 1549
6547 1547
6548 1543
6549 1504
6550 1488
6551 1305
6552 1476
6553 1480
6554 1474
6555 1473
6556 1456
6557 1448
6558 1444
6559 1442
6560 1441
6561 1432
6562 1428
6563 1426
6564 1425
6565 1420
6566 1418
6567 1417
6568 1414
6569 1413
6570 1411
6571 1308
6572 1936
6573 1928
6574 1924
6575 1922
6576 1921
6577 1888
6578 1872
6579 1864
6580 1860
6581 1858
6582 1857
6583 1840
6584 1832
6585 1828
6586 1826
6587 1825
6588 1812
6589 1816
6590 1810
6591 1809
6592 1804
6593 1802
6594 1801
6595 1798
6596 1797
6597 1795
6598 1760
6599 1744
6600 1736
6601 1732
6602 1730
6603 1729
6604 1704
6605 1712
6606 1700
6607 1698
6608 1697
6609 1688
6610 1684
6611 1682
6612 1681
6613 1676
6614 1674
6615 1673
6616 1670
6617 1669
6618 1667
6619 1648
6620 1640
6621 1636
6622 1634
6623 1633
6624 1624
6625 1620
6626 1618
6627 1617
6628 1612
6629 1610
6630 1609
6631 1606
6632 1605
6633 1603
6634 1592
6635 1361
6636 1588
6637 1306
6638 3872
6639 3856
6640 3848
6641 3844
6642 3842
6643 3841
6644 3776
6645 3744
6646 3728
6647 3720
6648 3716
6649 3714
6650 3713
6651 3680
6652 3664
6653 3656
6654 3652
6655 3650
6656 3649
6657 3632
6658 3624
6659 3620
6660 3618
6661 3617
6662 3602
6663 3608
6664 3604
6665 3601
6666 3596
6667 3594
6668 3593
6669 3590
6670 3589
6671 3587
6672 3520
6673 3488
6674 3472
6675 3464
6676 3460
6677 3458
6678 3457
6679 3424
6680 3408
6681 3394
6682 3400
6683 3396
6684 3393
6685 3376
6686 3368
6687 3364
6688 3362
6689 3361
6690 3352
6691 3348
6692 3346
6693 3345
6694 3340
6695 3338
6696 3337
6697 3334
6698 3333
6699 3331
6700 3296
6701 3280
6702 3272
6703 3268
6704 3248
6705 3266
6706 3265
6707 3240
6708 3236
6709 3234
6710 3233
6711 3224
6712 3220
6713 3218
6714 3217
6715 3212
6716 3210
6717 3209
6718 3206
6719 3205
6720 3203
6721 3172
6722 3184
6723 3176
6724 3170
6725 3169
6726 3160
6727 3156
6728 3154
6729 3153
6730 3148
6731 3146
6732 3145
6733 3142
6734 3141
6735 3139
6736 3128
6737 3124
6738 3122
6739 3121
6740 3116
6741 3114
6742 3113
6743 3110
6744 3109
6745 3098
6746 3107
6747 3100
6748 3097
6749 3094
6750 3093
6751 3091
6752 3086
6753 3085
6754 3083
6755 3079
6756 3008
6757 2976
6758 2960
6759 2952
6760 2948
6761 2946
6762 2945
6763 2888
6764 2912
6765 2896
6766 2884
6767 2882
6768 2881
6769 2864
6770 2856
6771 2852
6772 2850
6773 2849
6774 2840
6775 2836
6776 2834
6777 2833
6778 2828
6779 2826
6780 2825
6781 2822
6782 2821
6783 2768
6784 2784
6785 2760
6786 2756
6787 2754
6788 2753
6789 2736
6790 2728
6791 2724
6792 2722
6793 2721
6794 2712
6795 2708
6796 2706
6797 2705
6798 2700
6799 2698
6800 2697
6801 1301
6802 2693
6803 2694
6804 2691
6805 2672
6806 2664
6807 2660
6808 2658
6809 2657
6810 2648
6811 2644
6812 2642
6813 2641
6814 2636
6815 2634
6816 2633
6817 2630
6818 2629
6819 2627
6820 2616
6821 2612
6822 2610
6823 2609
6824 2604
6825 2602
6826 2601
6827 2598
6828 2588
6829 2597
6830 2595
6831 2586
6832 2585
6833 2582
6834 2581
6835 2579
6836 2574
6837 2573
6838 2571
6839 2567
6840 2528
6841 2512
6842 2504
6843 2500
6844 2498
6845 2497
6846 2480
6847 2466
6848 2472
6849 2468
6850 2465
6851 2456
6852 2452
6853 2450
6854 2449
6855 2444
6856 2442
6857 2441
6858 2438
6859 2437
6860 2435
6861 2416
6862 2408
6863 2404
6864 2402
6865 2401
6866 2392
6867 2388
6868 2380
6869 2386
6870 2385
6871 2378
6872 2377
6873 2374
6874 2373
6875 2371
6876 2360
6877 2356
6878 2354
6879 2353
6880 2348
6881 2346
6882 2345
6883 2342
6884 2341
6885 2330
6886 2339
6887 2332
6888 2329
6889 2326
6890 2325
6891 2323
6892 2318
6893 2317
6894 2315
6895 2311
6896 2288
6897 2280
6898 2276
6899 2274
6900 2273
6901 2264
6902 2260
6903 2258
6904 2257
6905 2252
6906 2250
6907 2249
6908 2246
6909 2245
6910 2228
6911 2243
6912 2232
6913 2226
6914 2225
6915 2220
6916 2218
6917 2217
6918 2214
6919 2213
6920 2211
6921 2204
6922 2202
6923 2201
6924 2198
6925 2197
6926 2195
6927 2187
6928 2190
6929 2189
6930 2183
6931 2168
6932 2164
6933 2162
6934 2161
6935 2156
6936 2154
6937 2153
6938 2150
6939 2149
6940 2147
6941 2140
6942 2138
6943 2137
6944 2134
6945 2133
6946 2131
6947 2126
6948 2119
6949 2125
6950 2123
6951 2108
6952 2106
6953 2105
6954 2102
6955 2101
6956 2099
6957 2094
6958 2093
6959 2091
6960 2087
6961 2078
6962 2077
6963 2075
6964 2071
6965 2063
6966 1586
6967 1302
6968 4772
6969 4770
6970 4769
6971 4760
6972 4756
6973 4754
6974 4753
6975 4748
6976 4746
6977 4745
6978 4742
6979 4741
6980 4739
6981 4720
6982 4712
6983 4708
6984 4706
6985 4705
6986 4696
6987 4692
6988 4690
6989 4689
6990 4684
6991 4681
6992 4682
6993 4678
6994 4677
6995 4675
6996 4664
6997 4660
6998 4658
6999 4657
7000 4652
7001 4650
7002 4649
7003 4646
7004 4645
7005 4643
7006 4636
7007 4634
7008 4633
7009 4630
7010 4629
7011 4627
7012 4622
7013 4619
7014 4621
7015 4615
7016 4576
7017 4560
7018 4552
7019 4548
7020 4546
7021 4545
7022 4528
7023 4520
7024 4516
7025 4514
7026 4513
7027 4504
7028 4500
7029 4498
7030 4497
7031 4492
7032 4490
7033 4489
7034 4486
7035 4485
7036 4464
7037 4483
7038 4456
7039 4452
7040 4450
7041 4449
7042 4440
7043 4436
7044 4434
7045 4433
7046 4428
7047 4426
7048 4425
7049 4422
7050 4421
7051 4419
7052 4408
7053 4404
7054 4401
7055 4396
7056 4394
7057 2819
7058 4393
7059 4402
7060 4390
7061 4389
7062 4387
7063 4380
7064 4378
7065 4377
7066 4374
7067 4373
7068 4371
7069 4366
7070 4365
7071 4363
7072 4359
7073 4336
7074 4328
7075 4324
7076 4322
7077 4321
7078 4312
7079 4308
7080 4306
7081 4305
7082 4300
7083 4294
7084 4298
7085 4297
7086 4293
7087 4291
7088 4280
7089 4276
7090 4274
7091 4273
7092 4268
7093 4266
7094 4265
7095 4262
7096 4261
7097 4259
7098 4252
7099 4250
7100 4249
7101 4246
7102 4238
7103 4245
7104 4243
7105 4237
7106 4235
7107 4231
7108 4216
7109 4212
7110 4210
7111 4209
7112 4204
7113 4202
7114 4201
7115 4198
7116 4197
7117 4195
7118 4188
7119 4186
7120 4185
7121 4182
7122 4181
7123 4179
7124 4171
7125 4174
7126 4173
7127 4167
7128 4156
7129 4154
7130 4153
7131 4150
7132 4149
7133 4147
7134 4142
7135 4141
7136 4139
7137 4135
7138 4126
7139 4125
7140 4123
7141 4119
7142 1299
7143 1294
7144 1293
7145 1291
7146 1287
7147 1264
7148 1256
7149 1252
7150 1250
7151 1249
7152 1240
7153 1236
7154 1234
7155 1233
7156 1228
7157 1226
7158 1225
7159 1222
7160 1221
7161 1219
7162 1208
7163 1204
7164 1202
7165 1201
7166 1196
7167 1190
7168 1194
7169 1193
7170 1189
7171 1187
7172 1180
7173 1178
7174 1177
7175 1174
7176 1173
7177 1171
7178 1166
7179 1165
7180 1163
7181 1159
7182 1144
7183 1137
7184 1140
7185 1138
7186 1132
7187 1130
7188 1129
7189 1126
7190 1125
7191 1123
7192 1116
7193 1114
7194 1113
7195 1110
7196 1109
7197 1107
7198 1102
7199 1101
7200 1099
7201 1095
7202 1081
7203 1084
7204 1082
7205 1078
7206 1077
7207 1075
7208 1070
7209 1069
7210 1067
7211 1063
7212 1054
7213 1053
7214 1051
7215 1047
7216 1039
7217 976
7218 968
7219 964
7220 962
7221 961
7222 944
7223 936
7224 932
7225 930
7226 929
7227 920
7228 916
7229 914
7230 913
7231 908
7232 906
7233 905
7234 902
7235 901
7236 899
7237 880
7238 872
7239 868
7240 866
7241 865
7242 850
7243 856
7244 852
7245 849
7246 844
7247 842
7248 841
7249 838
7250 837
7251 835
7252 824
7253 820
7254 818
7255 817
7256 812
7257 810
7258 809
7259 806
7260 805
7261 803
7262 796
7263 790
7264 794
7265 793
7266 789
7267 787
7268 782
7269 781
7270 779
7271 775
7272 752
7273 744
7274 740
7275 738
7276 737
7277 728
7278 724
7279 722
7280 721
7281 716
7282 714
7283 713
7284 710
7285 709
7286 707
7287 690
7288 696
7289 692
7290 689
7291 684
7292 682
7293 681
7294 678
7295 677
7296 675
7297 668
7298 666
7299 665
7300 662
7301 661
7302 659
7303 654
7304 653
7305 651
7306 647
7307 632
7308 628
7309 626
7310 625
7311 620
7312 618
7313 617
7314 614
7315 613
7316 611
7317 604
7318 602
7319 601
7320 598
7321 597
7322 595
7323 590
7324 589
7325 587
7326 570
7327 583
7328 572
7329 569
7330 566
7331 565
7332 563
7333 558
7334 557
7335 555
7336 551
7337 542
7338 541
7339 539
7340 535
7341 527
7342 488
7343 484
7344 482
7345 481
7346 472
7347 468
7348 466
7349 465
7350 460
7351 458
7352 457
7353 454
7354 453
7355 451
7356 440
7357 436
7358 434
7359 433
7360 428
7361 426
7362 425
7363 422
7364 421
7365 419
7366 409
7367 412
7368 410
7369 406
7370 405
7371 403
7372 398
7373 397
7374 395
7375 391
7376 376
7377 372
7378 370
7379 369
7380 364
7381 362
7382 361
7383 358
7384 357
7385 355
7386 348
7387 346
7388 345
7389 342
7390 341
7391 339
7392 334
7393 333
7394 331
7395 327
7396 316
7397 314
7398 313
7399 310
7400 309
7401 307
7402 302
7403 301
7404 299
7405 295
7406 286
7407 285
7408 283
7409 279
7410 271
7411 244
7412 242
7413 241
7414 236
7415 234
7416 233
7417 230
7418 229
7419 227
7420 220
7421 218
7422 217
7423 214
7424 213
7425 211
7426 206
7427 205
7428 203
7429 199
7430 188
7431 186
7432 185
7433 182
7434 181
7435 179
7436 174
7437 173
7438 171
7439 167
7440 158
7441 157
7442 155
7443 151
7444 143
7445 122
7446 121
7447 118
7448 117
7449 115
7450 110
7451 109
7452 107
7453 103
7454 94
7455 93
7456 91
7457 87
7458 79
7459 61
7460 59
7461 55
7462 47
